--(end of buffer or a NUL)
--accepting rule at line 41 ("# 1 "11-numbers.oc"")
--accepting rule at line 43 ("
")
--accepting rule at line 41 ("# 1 "<built-in>"")
--accepting rule at line 43 ("
")
--accepting rule at line 41 ("# 1 "<command-line>"")
--accepting rule at line 43 ("
")
--accepting rule at line 41 ("# 1 "/usr/include/stdc-predef.h" 1 3 4")
--accepting rule at line 43 ("
")
--accepting rule at line 41 ("# 1 "<command-line>" 2")
--accepting rule at line 43 ("
")
--accepting rule at line 41 ("# 1 "11-numbers.oc"")
--accepting rule at line 43 ("
")
--accepting rule at line 43 ("
")
--accepting rule at line 43 ("
")
--accepting rule at line 41 ("# 1 "oclib.oh" 1")
--accepting rule at line 43 ("
")
--accepting rule at line 41 ("# 23 "oclib.oh"")
--accepting rule at line 43 ("
")
--accepting rule at line 46 ("void")
--accepting rule at line 42 (" ")
--accepting rule at line 65 ("__assert_fail")
--accepting rule at line 42 (" ")
--accepting rule at line 73 ("(")
--accepting rule at line 50 ("string")
--accepting rule at line 42 (" ")
--accepting rule at line 65 ("expr")
--accepting rule at line 80 (",")
--accepting rule at line 42 (" ")
--accepting rule at line 50 ("string")
--accepting rule at line 42 (" ")
--accepting rule at line 65 ("file")
--accepting rule at line 80 (",")
--accepting rule at line 42 (" ")
--accepting rule at line 49 ("int")
--accepting rule at line 42 (" ")
--accepting rule at line 65 ("line")
--accepting rule at line 74 (")")
--accepting rule at line 75 (";")
--accepting rule at line 43 ("
")
--accepting rule at line 46 ("void")
--accepting rule at line 42 (" ")
--accepting rule at line 65 ("putb")
--accepting rule at line 42 (" ")
--accepting rule at line 73 ("(")
--accepting rule at line 47 ("bool")
--accepting rule at line 42 (" ")
--accepting rule at line 65 ("b")
--accepting rule at line 74 (")")
--accepting rule at line 75 (";")
--accepting rule at line 43 ("
")
--accepting rule at line 46 ("void")
--accepting rule at line 42 (" ")
--accepting rule at line 65 ("putc")
--accepting rule at line 42 (" ")
--accepting rule at line 73 ("(")
--accepting rule at line 48 ("char")
--accepting rule at line 42 (" ")
--accepting rule at line 65 ("c")
--accepting rule at line 74 (")")
--accepting rule at line 75 (";")
--accepting rule at line 43 ("
")
--accepting rule at line 46 ("void")
--accepting rule at line 42 (" ")
--accepting rule at line 65 ("puti")
--accepting rule at line 42 (" ")
--accepting rule at line 73 ("(")
--accepting rule at line 49 ("int")
--accepting rule at line 42 (" ")
--accepting rule at line 65 ("i")
--accepting rule at line 74 (")")
--accepting rule at line 75 (";")
--accepting rule at line 43 ("
")
--accepting rule at line 46 ("void")
--accepting rule at line 42 (" ")
--accepting rule at line 65 ("puts")
--accepting rule at line 42 (" ")
--accepting rule at line 73 ("(")
--accepting rule at line 50 ("string")
--accepting rule at line 42 (" ")
--accepting rule at line 65 ("s")
--accepting rule at line 74 (")")
--accepting rule at line 75 (";")
--accepting rule at line 43 ("
")
--accepting rule at line 46 ("void")
--accepting rule at line 42 (" ")
--accepting rule at line 65 ("endl")
--accepting rule at line 42 (" ")
--accepting rule at line 73 ("(")
--accepting rule at line 74 (")")
--accepting rule at line 75 (";")
--accepting rule at line 43 ("
")
--accepting rule at line 49 ("int")
--accepting rule at line 42 (" ")
--accepting rule at line 65 ("getc")
--accepting rule at line 42 (" ")
--accepting rule at line 73 ("(")
--accepting rule at line 74 (")")
--accepting rule at line 75 (";")
--accepting rule at line 43 ("
")
--accepting rule at line 50 ("string")
--accepting rule at line 42 (" ")
--accepting rule at line 65 ("getw")
--accepting rule at line 42 (" ")
--accepting rule at line 73 ("(")
--accepting rule at line 74 (")")
--accepting rule at line 75 (";")
--accepting rule at line 43 ("
")
--accepting rule at line 50 ("string")
--accepting rule at line 42 (" ")
--accepting rule at line 65 ("getln")
--accepting rule at line 42 (" ")
--accepting rule at line 73 ("(")
--accepting rule at line 74 (")")
--accepting rule at line 75 (";")
--accepting rule at line 43 ("
")
--accepting rule at line 50 ("string")
--accepting rule at line 66 ("[]")
--accepting rule at line 42 (" ")
--accepting rule at line 65 ("getargv")
--accepting rule at line 42 (" ")
--accepting rule at line 73 ("(")
--accepting rule at line 74 (")")
--accepting rule at line 75 (";")
--accepting rule at line 43 ("
")
--accepting rule at line 46 ("void")
--accepting rule at line 42 (" ")
--accepting rule at line 65 ("exit")
--accepting rule at line 42 (" ")
--accepting rule at line 73 ("(")
--accepting rule at line 49 ("int")
--accepting rule at line 42 (" ")
--accepting rule at line 65 ("status")
--accepting rule at line 74 (")")
--accepting rule at line 75 (";")
--accepting rule at line 43 ("
")
--accepting rule at line 41 ("# 4 "11-numbers.oc" 2")
--accepting rule at line 43 ("
")
--accepting rule at line 43 ("
")
--accepting rule at line 49 ("int")
--accepting rule at line 42 (" ")
--accepting rule at line 65 ("number")
--accepting rule at line 42 (" ")
--accepting rule at line 67 ("=")
--accepting rule at line 42 (" ")
--accepting rule at line 64 ("1")
--accepting rule at line 75 (";")
--accepting rule at line 43 ("
")
--accepting rule at line 54 ("while")
--accepting rule at line 42 (" ")
--accepting rule at line 73 ("(")
--accepting rule at line 65 ("number")
--accepting rule at line 42 (" ")
--accepting rule at line 86 (">")
--accepting rule at line 42 (" ")
--accepting rule at line 64 ("0")
--accepting rule at line 74 (")")
--accepting rule at line 42 (" ")
--accepting rule at line 78 ("{")
--accepting rule at line 43 ("
")
--accepting rule at line 42 ("   ")
--accepting rule at line 65 ("puti")
--accepting rule at line 42 (" ")
--accepting rule at line 73 ("(")
--accepting rule at line 65 ("number")
--accepting rule at line 74 (")")
--accepting rule at line 75 (";")
--accepting rule at line 43 ("
")
--accepting rule at line 42 ("   ")
--accepting rule at line 65 ("putc")
--accepting rule at line 42 (" ")
--accepting rule at line 73 ("(")
--accepting rule at line 98 ("'\n'")
--accepting rule at line 74 (")")
--accepting rule at line 75 (";")
--accepting rule at line 43 ("
")
--accepting rule at line 42 ("   ")
--accepting rule at line 65 ("number")
--accepting rule at line 42 (" ")
--accepting rule at line 67 ("=")
--accepting rule at line 42 (" ")
--accepting rule at line 65 ("number")
--accepting rule at line 42 (" ")
--accepting rule at line 68 ("+")
--accepting rule at line 42 (" ")
--accepting rule at line 65 ("number")
--accepting rule at line 75 (";")
--accepting rule at line 43 ("
")
--accepting rule at line 79 ("}")
--accepting rule at line 43 ("
")
--accepting rule at line 65 ("puti")
--accepting rule at line 42 (" ")
--accepting rule at line 73 ("(")
--accepting rule at line 65 ("number")
--accepting rule at line 74 (")")
--accepting rule at line 75 (";")
--accepting rule at line 43 ("
")
--accepting rule at line 65 ("putc")
--accepting rule at line 42 (" ")
--accepting rule at line 73 ("(")
--accepting rule at line 98 ("'\n'")
--accepting rule at line 74 (")")
--accepting rule at line 75 (";")
--accepting rule at line 43 ("
")
--(end of buffer or a NUL)
--EOF (start condition 0)
