--(end of buffer or a NUL)
--accepting rule at line 41 ("# 1 "23-atoi.oc"")
--accepting rule at line 43 ("
")
--accepting rule at line 41 ("# 1 "<built-in>"")
--accepting rule at line 43 ("
")
--accepting rule at line 41 ("# 1 "<command-line>"")
--accepting rule at line 43 ("
")
--accepting rule at line 41 ("# 1 "/usr/include/stdc-predef.h" 1 3 4")
--accepting rule at line 43 ("
")
--accepting rule at line 41 ("# 1 "<command-line>" 2")
--accepting rule at line 43 ("
")
--accepting rule at line 41 ("# 1 "23-atoi.oc"")
--accepting rule at line 43 ("
")
--accepting rule at line 43 ("
")
--accepting rule at line 43 ("
")
--accepting rule at line 41 ("# 1 "oclib.oh" 1")
--accepting rule at line 43 ("
")
--accepting rule at line 41 ("# 23 "oclib.oh"")
--accepting rule at line 43 ("
")
--accepting rule at line 46 ("void")
--accepting rule at line 42 (" ")
--accepting rule at line 65 ("__assert_fail")
--accepting rule at line 42 (" ")
--accepting rule at line 73 ("(")
--accepting rule at line 50 ("string")
--accepting rule at line 42 (" ")
--accepting rule at line 65 ("expr")
--accepting rule at line 80 (",")
--accepting rule at line 42 (" ")
--accepting rule at line 50 ("string")
--accepting rule at line 42 (" ")
--accepting rule at line 65 ("file")
--accepting rule at line 80 (",")
--accepting rule at line 42 (" ")
--accepting rule at line 49 ("int")
--accepting rule at line 42 (" ")
--accepting rule at line 65 ("line")
--accepting rule at line 74 (")")
--accepting rule at line 75 (";")
--accepting rule at line 43 ("
")
--accepting rule at line 46 ("void")
--accepting rule at line 42 (" ")
--accepting rule at line 65 ("putb")
--accepting rule at line 42 (" ")
--accepting rule at line 73 ("(")
--accepting rule at line 47 ("bool")
--accepting rule at line 42 (" ")
--accepting rule at line 65 ("b")
--accepting rule at line 74 (")")
--accepting rule at line 75 (";")
--accepting rule at line 43 ("
")
--accepting rule at line 46 ("void")
--accepting rule at line 42 (" ")
--accepting rule at line 65 ("putc")
--accepting rule at line 42 (" ")
--accepting rule at line 73 ("(")
--accepting rule at line 48 ("char")
--accepting rule at line 42 (" ")
--accepting rule at line 65 ("c")
--accepting rule at line 74 (")")
--accepting rule at line 75 (";")
--accepting rule at line 43 ("
")
--accepting rule at line 46 ("void")
--accepting rule at line 42 (" ")
--accepting rule at line 65 ("puti")
--accepting rule at line 42 (" ")
--accepting rule at line 73 ("(")
--accepting rule at line 49 ("int")
--accepting rule at line 42 (" ")
--accepting rule at line 65 ("i")
--accepting rule at line 74 (")")
--accepting rule at line 75 (";")
--accepting rule at line 43 ("
")
--accepting rule at line 46 ("void")
--accepting rule at line 42 (" ")
--accepting rule at line 65 ("puts")
--accepting rule at line 42 (" ")
--accepting rule at line 73 ("(")
--accepting rule at line 50 ("string")
--accepting rule at line 42 (" ")
--accepting rule at line 65 ("s")
--accepting rule at line 74 (")")
--accepting rule at line 75 (";")
--accepting rule at line 43 ("
")
--accepting rule at line 46 ("void")
--accepting rule at line 42 (" ")
--accepting rule at line 65 ("endl")
--accepting rule at line 42 (" ")
--accepting rule at line 73 ("(")
--accepting rule at line 74 (")")
--accepting rule at line 75 (";")
--accepting rule at line 43 ("
")
--accepting rule at line 49 ("int")
--accepting rule at line 42 (" ")
--accepting rule at line 65 ("getc")
--accepting rule at line 42 (" ")
--accepting rule at line 73 ("(")
--accepting rule at line 74 (")")
--accepting rule at line 75 (";")
--accepting rule at line 43 ("
")
--accepting rule at line 50 ("string")
--accepting rule at line 42 (" ")
--accepting rule at line 65 ("getw")
--accepting rule at line 42 (" ")
--accepting rule at line 73 ("(")
--accepting rule at line 74 (")")
--accepting rule at line 75 (";")
--accepting rule at line 43 ("
")
--accepting rule at line 50 ("string")
--accepting rule at line 42 (" ")
--accepting rule at line 65 ("getln")
--accepting rule at line 42 (" ")
--accepting rule at line 73 ("(")
--accepting rule at line 74 (")")
--accepting rule at line 75 (";")
--accepting rule at line 43 ("
")
--accepting rule at line 50 ("string")
--accepting rule at line 66 ("[]")
--accepting rule at line 42 (" ")
--accepting rule at line 65 ("getargv")
--accepting rule at line 42 (" ")
--accepting rule at line 73 ("(")
--accepting rule at line 74 (")")
--accepting rule at line 75 (";")
--accepting rule at line 43 ("
")
--accepting rule at line 46 ("void")
--accepting rule at line 42 (" ")
--accepting rule at line 65 ("exit")
--accepting rule at line 42 (" ")
--accepting rule at line 73 ("(")
--accepting rule at line 49 ("int")
--accepting rule at line 42 (" ")
--accepting rule at line 65 ("status")
--accepting rule at line 74 (")")
--accepting rule at line 75 (";")
--accepting rule at line 43 ("
")
--accepting rule at line 41 ("# 4 "23-atoi.oc" 2")
--accepting rule at line 43 ("
")
--accepting rule at line 43 ("
")
--accepting rule at line 49 ("int")
--accepting rule at line 42 (" ")
--accepting rule at line 65 ("atoi")
--accepting rule at line 42 (" ")
--accepting rule at line 73 ("(")
--accepting rule at line 50 ("string")
--accepting rule at line 42 (" ")
--accepting rule at line 65 ("str")
--accepting rule at line 74 (")")
--accepting rule at line 42 (" ")
--accepting rule at line 78 ("{")
--accepting rule at line 43 ("
")
--accepting rule at line 42 ("   ")
--accepting rule at line 78 ("{")
--accepting rule at line 52 ("if")
--accepting rule at line 42 (" ")
--accepting rule at line 73 ("(")
--accepting rule at line 89 ("!")
--accepting rule at line 73 ("(")
--accepting rule at line 65 ("str")
--accepting rule at line 42 (" ")
--accepting rule at line 83 ("!=")
--accepting rule at line 42 (" ")
--accepting rule at line 58 ("null")
--accepting rule at line 74 (")")
--accepting rule at line 74 (")")
--accepting rule at line 42 (" ")
--accepting rule at line 65 ("__assert_fail")
--accepting rule at line 42 (" ")
--accepting rule at line 73 ("(")
--accepting rule at line 95 (""str != null"")
--accepting rule at line 80 (",")
--accepting rule at line 42 (" ")
--accepting rule at line 95 (""23-atoi.oc"")
--accepting rule at line 80 (",")
--accepting rule at line 42 (" ")
--accepting rule at line 64 ("6")
--accepting rule at line 74 (")")
--accepting rule at line 75 (";")
--accepting rule at line 79 ("}")
--accepting rule at line 75 (";")
oc: 23-atoi.oc: 6: syntax error, unexpected ';'
--accepting rule at line 43 ("
")
--accepting rule at line 42 ("   ")
--accepting rule at line 47 ("bool")
--accepting rule at line 42 (" ")
--accepting rule at line 65 ("neg")
--accepting rule at line 42 (" ")
--accepting rule at line 67 ("=")
--accepting rule at line 42 (" ")
--accepting rule at line 56 ("false")
--accepting rule at line 75 (";")
--accepting rule at line 43 ("
")
--accepting rule at line 42 ("   ")
--accepting rule at line 49 ("int")
--accepting rule at line 42 (" ")
--accepting rule at line 65 ("num")
--accepting rule at line 42 (" ")
--accepting rule at line 67 ("=")
--accepting rule at line 42 (" ")
--accepting rule at line 64 ("0")
--accepting rule at line 75 (";")
--accepting rule at line 43 ("
")
--accepting rule at line 42 ("   ")
--accepting rule at line 49 ("int")
--accepting rule at line 42 (" ")
--accepting rule at line 65 ("digit")
--accepting rule at line 42 (" ")
--accepting rule at line 67 ("=")
--accepting rule at line 42 (" ")
--accepting rule at line 64 ("0")
--accepting rule at line 75 (";")
--accepting rule at line 43 ("
")
--accepting rule at line 42 ("   ")
--accepting rule at line 52 ("if")
--accepting rule at line 42 (" ")
--accepting rule at line 73 ("(")
--accepting rule at line 65 ("str")
--accepting rule at line 76 ("[")
--accepting rule at line 64 ("0")
--accepting rule at line 77 ("]")
--accepting rule at line 42 (" ")
--accepting rule at line 83 ("!=")
--accepting rule at line 42 (" ")
--accepting rule at line 98 ("'\0'")
--accepting rule at line 74 (")")
--accepting rule at line 42 (" ")
--accepting rule at line 78 ("{")
--accepting rule at line 43 ("
")
--accepting rule at line 42 ("      ")
--accepting rule at line 52 ("if")
--accepting rule at line 42 (" ")
--accepting rule at line 73 ("(")
--accepting rule at line 65 ("str")
--accepting rule at line 76 ("[")
--accepting rule at line 64 ("0")
--accepting rule at line 77 ("]")
--accepting rule at line 42 (" ")
--accepting rule at line 82 ("==")
--accepting rule at line 42 (" ")
--accepting rule at line 98 ("'-'")
--accepting rule at line 74 (")")
--accepting rule at line 42 (" ")
--accepting rule at line 78 ("{")
--accepting rule at line 43 ("
")
--accepting rule at line 42 ("         ")
--accepting rule at line 65 ("digit")
--accepting rule at line 42 (" ")
--accepting rule at line 67 ("=")
--accepting rule at line 42 (" ")
--accepting rule at line 65 ("digit")
--accepting rule at line 42 (" ")
--accepting rule at line 68 ("+")
--accepting rule at line 42 (" ")
--accepting rule at line 64 ("1")
--accepting rule at line 75 (";")
--accepting rule at line 43 ("
")
--accepting rule at line 42 ("         ")
--accepting rule at line 65 ("neg")
--accepting rule at line 42 (" ")
--accepting rule at line 67 ("=")
--accepting rule at line 42 (" ")
--accepting rule at line 57 ("true")
--accepting rule at line 75 (";")
--accepting rule at line 43 ("
")
--accepting rule at line 42 ("      ")
--accepting rule at line 79 ("}")
--accepting rule at line 43 ("
")
--accepting rule at line 42 ("      ")
--accepting rule at line 47 ("bool")
--accepting rule at line 42 (" ")
--accepting rule at line 65 ("contin")
--accepting rule at line 42 (" ")
--accepting rule at line 67 ("=")
--accepting rule at line 42 (" ")
--accepting rule at line 57 ("true")
--accepting rule at line 75 (";")
--accepting rule at line 43 ("
")
--accepting rule at line 42 ("      ")
--accepting rule at line 54 ("while")
--accepting rule at line 42 (" ")
--accepting rule at line 73 ("(")
--accepting rule at line 65 ("contin")
--accepting rule at line 74 (")")
--accepting rule at line 42 (" ")
--accepting rule at line 78 ("{")
--accepting rule at line 43 ("
")
--accepting rule at line 42 ("         ")
--accepting rule at line 52 ("if")
--accepting rule at line 42 (" ")
--accepting rule at line 73 ("(")
--accepting rule at line 65 ("str")
--accepting rule at line 76 ("[")
--accepting rule at line 65 ("digit")
--accepting rule at line 77 ("]")
--accepting rule at line 42 (" ")
--accepting rule at line 82 ("==")
--accepting rule at line 42 (" ")
--accepting rule at line 98 ("'\0'")
--accepting rule at line 74 (")")
--accepting rule at line 42 (" ")
--accepting rule at line 78 ("{")
--accepting rule at line 43 ("
")
--accepting rule at line 42 ("            ")
--accepting rule at line 65 ("contin")
--accepting rule at line 42 (" ")
--accepting rule at line 67 ("=")
--accepting rule at line 42 (" ")
--accepting rule at line 56 ("false")
--accepting rule at line 75 (";")
--accepting rule at line 43 ("
")
--accepting rule at line 42 ("         ")
--accepting rule at line 79 ("}")
--accepting rule at line 53 ("else")
--accepting rule at line 42 (" ")
--accepting rule at line 78 ("{")
--accepting rule at line 43 ("
")
--accepting rule at line 42 ("            ")
--accepting rule at line 48 ("char")
--accepting rule at line 42 (" ")
--accepting rule at line 65 ("c")
--accepting rule at line 42 (" ")
--accepting rule at line 67 ("=")
--accepting rule at line 42 (" ")
--accepting rule at line 65 ("str")
--accepting rule at line 76 ("[")
--accepting rule at line 65 ("digit")
--accepting rule at line 77 ("]")
--accepting rule at line 75 (";")
--accepting rule at line 43 ("
")
--accepting rule at line 42 ("            ")
--accepting rule at line 65 ("digit")
--accepting rule at line 42 (" ")
--accepting rule at line 67 ("=")
--accepting rule at line 42 (" ")
--accepting rule at line 65 ("digit")
--accepting rule at line 42 (" ")
--accepting rule at line 68 ("+")
--accepting rule at line 42 (" ")
--accepting rule at line 64 ("1")
--accepting rule at line 75 (";")
--accepting rule at line 43 ("
")
--accepting rule at line 42 ("            ")
--accepting rule at line 52 ("if")
--accepting rule at line 42 (" ")
--accepting rule at line 73 ("(")
--accepting rule at line 65 ("c")
--accepting rule at line 42 (" ")
--accepting rule at line 84 ("<")
--accepting rule at line 42 (" ")
--accepting rule at line 98 ("'0'")
--accepting rule at line 74 (")")
--accepting rule at line 42 (" ")
--accepting rule at line 65 ("contin")
--accepting rule at line 42 (" ")
--accepting rule at line 67 ("=")
--accepting rule at line 42 (" ")
--accepting rule at line 56 ("false")
--accepting rule at line 75 (";")
--accepting rule at line 43 ("
")
--accepting rule at line 42 ("            ")
--accepting rule at line 53 ("else")
--accepting rule at line 42 (" ")
--accepting rule at line 52 ("if")
--accepting rule at line 42 (" ")
--accepting rule at line 73 ("(")
--accepting rule at line 65 ("c")
--accepting rule at line 42 (" ")
--accepting rule at line 86 (">")
--accepting rule at line 42 (" ")
--accepting rule at line 98 ("'9'")
--accepting rule at line 74 (")")
--accepting rule at line 42 (" ")
--accepting rule at line 65 ("contin")
--accepting rule at line 42 (" ")
--accepting rule at line 67 ("=")
--accepting rule at line 42 (" ")
--accepting rule at line 56 ("false")
--accepting rule at line 75 (";")
--accepting rule at line 43 ("
")
--accepting rule at line 42 ("            ")
--accepting rule at line 53 ("else")
--accepting rule at line 42 (" ")
--accepting rule at line 65 ("num")
--accepting rule at line 42 (" ")
--accepting rule at line 67 ("=")
--accepting rule at line 42 (" ")
--accepting rule at line 65 ("num")
--accepting rule at line 42 (" ")
--accepting rule at line 70 ("*")
--accepting rule at line 42 (" ")
--accepting rule at line 64 ("10")
--accepting rule at line 42 (" ")
--accepting rule at line 68 ("+")
--accepting rule at line 42 (" ")
--accepting rule at line 59 ("ord")
--accepting rule at line 42 (" ")
--accepting rule at line 65 ("c")
--accepting rule at line 42 (" ")
--accepting rule at line 69 ("-")
--accepting rule at line 42 (" ")
--accepting rule at line 59 ("ord")
--accepting rule at line 42 (" ")
--accepting rule at line 98 ("'0'")
--accepting rule at line 75 (";")
--accepting rule at line 43 ("
")
--accepting rule at line 42 ("         ")
--accepting rule at line 79 ("}")
--accepting rule at line 43 ("
")
--accepting rule at line 42 ("      ")
--accepting rule at line 79 ("}")
--accepting rule at line 43 ("
")
--accepting rule at line 42 ("      ")
--accepting rule at line 52 ("if")
--accepting rule at line 42 (" ")
--accepting rule at line 73 ("(")
--accepting rule at line 65 ("neg")
--accepting rule at line 74 (")")
--accepting rule at line 42 (" ")
--accepting rule at line 65 ("num")
--accepting rule at line 42 (" ")
--accepting rule at line 67 ("=")
--accepting rule at line 42 (" ")
--accepting rule at line 69 ("-")
--accepting rule at line 42 (" ")
--accepting rule at line 65 ("num")
--accepting rule at line 75 (";")
--accepting rule at line 43 ("
")
--accepting rule at line 42 ("   ")
--accepting rule at line 79 ("}")
--accepting rule at line 43 ("
")
--accepting rule at line 42 ("   ")
--accepting rule at line 55 ("return")
--accepting rule at line 42 (" ")
--accepting rule at line 65 ("num")
--accepting rule at line 75 (";")
--accepting rule at line 43 ("
")
--accepting rule at line 79 ("}")
oc: 23-atoi.oc: 30: syntax error, unexpected '}'
--accepting rule at line 43 ("
")
--accepting rule at line 43 ("
")
--accepting rule at line 49 ("int")
--accepting rule at line 42 (" ")
--accepting rule at line 65 ("argi")
--accepting rule at line 42 (" ")
--accepting rule at line 67 ("=")
--accepting rule at line 42 (" ")
--accepting rule at line 64 ("1")
--accepting rule at line 75 (";")
--accepting rule at line 43 ("
")
--accepting rule at line 50 ("string")
--accepting rule at line 66 ("[]")
--accepting rule at line 42 (" ")
--accepting rule at line 65 ("argv")
--accepting rule at line 42 (" ")
--accepting rule at line 67 ("=")
--accepting rule at line 42 (" ")
--accepting rule at line 65 ("getargv")
--accepting rule at line 42 (" ")
--accepting rule at line 73 ("(")
--accepting rule at line 74 (")")
--accepting rule at line 75 (";")
--accepting rule at line 43 ("
")
--accepting rule at line 54 ("while")
--accepting rule at line 42 (" ")
--accepting rule at line 73 ("(")
--accepting rule at line 65 ("argv")
--accepting rule at line 76 ("[")
--accepting rule at line 65 ("argi")
--accepting rule at line 77 ("]")
--accepting rule at line 42 (" ")
--accepting rule at line 83 ("!=")
--accepting rule at line 42 (" ")
--accepting rule at line 58 ("null")
--accepting rule at line 74 (")")
--accepting rule at line 42 (" ")
--accepting rule at line 78 ("{")
--accepting rule at line 43 ("
")
--accepting rule at line 42 ("   ")
--accepting rule at line 50 ("string")
--accepting rule at line 42 (" ")
--accepting rule at line 65 ("arg")
--accepting rule at line 42 (" ")
--accepting rule at line 67 ("=")
--accepting rule at line 42 (" ")
--accepting rule at line 65 ("argv")
--accepting rule at line 76 ("[")
--accepting rule at line 65 ("argi")
--accepting rule at line 77 ("]")
--accepting rule at line 75 (";")
--accepting rule at line 43 ("
")
--accepting rule at line 42 ("   ")
--accepting rule at line 65 ("puts")
--accepting rule at line 42 (" ")
--accepting rule at line 73 ("(")
--accepting rule at line 65 ("arg")
--accepting rule at line 74 (")")
--accepting rule at line 75 (";")
--accepting rule at line 43 ("
")
--accepting rule at line 42 ("   ")
--accepting rule at line 65 ("puts")
--accepting rule at line 42 (" ")
--accepting rule at line 73 ("(")
--accepting rule at line 95 ("" = "")
--accepting rule at line 74 (")")
--accepting rule at line 75 (";")
--accepting rule at line 43 ("
")
--accepting rule at line 42 ("   ")
--accepting rule at line 65 ("puti")
--accepting rule at line 42 (" ")
--accepting rule at line 73 ("(")
--accepting rule at line 65 ("atoi")
--accepting rule at line 42 (" ")
--accepting rule at line 73 ("(")
--accepting rule at line 65 ("arg")
--accepting rule at line 74 (")")
--accepting rule at line 74 (")")
--accepting rule at line 75 (";")
--accepting rule at line 43 ("
")
--accepting rule at line 42 ("   ")
--accepting rule at line 65 ("endl")
--accepting rule at line 42 (" ")
--accepting rule at line 73 ("(")
--accepting rule at line 74 (")")
--accepting rule at line 75 (";")
--accepting rule at line 43 ("
")
--accepting rule at line 79 ("}")
--accepting rule at line 43 ("
")
--(end of buffer or a NUL)
--EOF (start condition 0)
Error 9 10 7: Reference to undefined variable str
Error 9 11 10: Reference to undefined variable str
Error 9 17 13: Reference to undefined variable str
Error 9 20 21: Reference to undefined variable str
Error 9 33 16: Reference to undefined variable getargv
Error 9 33 14: Duplicate declaration string
Error 9 34 7: Reference to undefined variable argv
Error 9 34 12: Reference to undefined variable argi
Error 9 35 16: Reference to undefined variable argv
Error 9 35 21: Reference to undefined variable argi
Error 9 38 9: Reference to undefined variable atoi
Invalid symbol TOK_FALSE
Invalid symbol TOK_INDEX
Invalid symbol TOK_INDEX
Invalid symbol TOK_TRUE
Invalid symbol TOK_INDEX
Invalid symbol TOK_TRUE
Invalid symbol TOK_INDEX
Invalid symbol TOK_INDEX
Invalid symbol TOK_NULL
Invalid symbol TOK_INDEX
