--(end of buffer or a NUL)
--accepting rule at line 41 ("# 1 "41-linkedstack.oc"")
--accepting rule at line 43 ("
")
--accepting rule at line 41 ("# 1 "<built-in>"")
--accepting rule at line 43 ("
")
--accepting rule at line 41 ("# 1 "<command-line>"")
--accepting rule at line 43 ("
")
--accepting rule at line 41 ("# 1 "/usr/include/stdc-predef.h" 1 3 4")
--accepting rule at line 43 ("
")
--accepting rule at line 41 ("# 1 "<command-line>" 2")
--accepting rule at line 43 ("
")
--accepting rule at line 41 ("# 1 "41-linkedstack.oc"")
--accepting rule at line 43 ("
")
--accepting rule at line 43 ("
")
--accepting rule at line 43 ("
")
--accepting rule at line 41 ("# 1 "oclib.oh" 1")
--accepting rule at line 43 ("
")
--accepting rule at line 41 ("# 23 "oclib.oh"")
--accepting rule at line 43 ("
")
--accepting rule at line 46 ("void")
--accepting rule at line 42 (" ")
--accepting rule at line 65 ("__assert_fail")
--accepting rule at line 42 (" ")
--accepting rule at line 73 ("(")
--accepting rule at line 50 ("string")
--accepting rule at line 42 (" ")
--accepting rule at line 65 ("expr")
--accepting rule at line 80 (",")
--accepting rule at line 42 (" ")
--accepting rule at line 50 ("string")
--accepting rule at line 42 (" ")
--accepting rule at line 65 ("file")
--accepting rule at line 80 (",")
--accepting rule at line 42 (" ")
--accepting rule at line 49 ("int")
--accepting rule at line 42 (" ")
--accepting rule at line 65 ("line")
--accepting rule at line 74 (")")
--accepting rule at line 75 (";")
--accepting rule at line 43 ("
")
--accepting rule at line 46 ("void")
--accepting rule at line 42 (" ")
--accepting rule at line 65 ("putb")
--accepting rule at line 42 (" ")
--accepting rule at line 73 ("(")
--accepting rule at line 47 ("bool")
--accepting rule at line 42 (" ")
--accepting rule at line 65 ("b")
--accepting rule at line 74 (")")
--accepting rule at line 75 (";")
--accepting rule at line 43 ("
")
--accepting rule at line 46 ("void")
--accepting rule at line 42 (" ")
--accepting rule at line 65 ("putc")
--accepting rule at line 42 (" ")
--accepting rule at line 73 ("(")
--accepting rule at line 48 ("char")
--accepting rule at line 42 (" ")
--accepting rule at line 65 ("c")
--accepting rule at line 74 (")")
--accepting rule at line 75 (";")
--accepting rule at line 43 ("
")
--accepting rule at line 46 ("void")
--accepting rule at line 42 (" ")
--accepting rule at line 65 ("puti")
--accepting rule at line 42 (" ")
--accepting rule at line 73 ("(")
--accepting rule at line 49 ("int")
--accepting rule at line 42 (" ")
--accepting rule at line 65 ("i")
--accepting rule at line 74 (")")
--accepting rule at line 75 (";")
--accepting rule at line 43 ("
")
--accepting rule at line 46 ("void")
--accepting rule at line 42 (" ")
--accepting rule at line 65 ("puts")
--accepting rule at line 42 (" ")
--accepting rule at line 73 ("(")
--accepting rule at line 50 ("string")
--accepting rule at line 42 (" ")
--accepting rule at line 65 ("s")
--accepting rule at line 74 (")")
--accepting rule at line 75 (";")
--accepting rule at line 43 ("
")
--accepting rule at line 46 ("void")
--accepting rule at line 42 (" ")
--accepting rule at line 65 ("endl")
--accepting rule at line 42 (" ")
--accepting rule at line 73 ("(")
--accepting rule at line 74 (")")
--accepting rule at line 75 (";")
--accepting rule at line 43 ("
")
--accepting rule at line 49 ("int")
--accepting rule at line 42 (" ")
--accepting rule at line 65 ("getc")
--accepting rule at line 42 (" ")
--accepting rule at line 73 ("(")
--accepting rule at line 74 (")")
--accepting rule at line 75 (";")
--accepting rule at line 43 ("
")
--accepting rule at line 50 ("string")
--accepting rule at line 42 (" ")
--accepting rule at line 65 ("getw")
--accepting rule at line 42 (" ")
--accepting rule at line 73 ("(")
--accepting rule at line 74 (")")
--accepting rule at line 75 (";")
--accepting rule at line 43 ("
")
--accepting rule at line 50 ("string")
--accepting rule at line 42 (" ")
--accepting rule at line 65 ("getln")
--accepting rule at line 42 (" ")
--accepting rule at line 73 ("(")
--accepting rule at line 74 (")")
--accepting rule at line 75 (";")
--accepting rule at line 43 ("
")
--accepting rule at line 50 ("string")
--accepting rule at line 66 ("[]")
--accepting rule at line 42 (" ")
--accepting rule at line 65 ("getargv")
--accepting rule at line 42 (" ")
--accepting rule at line 73 ("(")
--accepting rule at line 74 (")")
--accepting rule at line 75 (";")
--accepting rule at line 43 ("
")
--accepting rule at line 46 ("void")
--accepting rule at line 42 (" ")
--accepting rule at line 65 ("exit")
--accepting rule at line 42 (" ")
--accepting rule at line 73 ("(")
--accepting rule at line 49 ("int")
--accepting rule at line 42 (" ")
--accepting rule at line 65 ("status")
--accepting rule at line 74 (")")
--accepting rule at line 75 (";")
--accepting rule at line 43 ("
")
--accepting rule at line 41 ("# 4 "41-linkedstack.oc" 2")
--accepting rule at line 43 ("
")
--accepting rule at line 43 ("
")
--accepting rule at line 51 ("struct")
--accepting rule at line 42 (" ")
--accepting rule at line 65 ("node")
--accepting rule at line 42 (" ")
--accepting rule at line 78 ("{")
--accepting rule at line 43 ("
")
--accepting rule at line 42 ("   ")
--accepting rule at line 50 ("string")
--accepting rule at line 42 (" ")
--accepting rule at line 65 ("data")
--accepting rule at line 75 (";")
--accepting rule at line 43 ("
")
--accepting rule at line 42 ("   ")
--accepting rule at line 65 ("node")
--accepting rule at line 42 (" ")
--accepting rule at line 65 ("link")
--accepting rule at line 75 (";")
--accepting rule at line 43 ("
")
--accepting rule at line 79 ("}")
--accepting rule at line 43 ("
")
--accepting rule at line 43 ("
")
--accepting rule at line 51 ("struct")
--accepting rule at line 42 (" ")
--accepting rule at line 65 ("stack")
--accepting rule at line 42 (" ")
--accepting rule at line 78 ("{")
--accepting rule at line 43 ("
")
--accepting rule at line 42 ("   ")
--accepting rule at line 65 ("node")
--accepting rule at line 42 (" ")
--accepting rule at line 65 ("top")
--accepting rule at line 75 (";")
--accepting rule at line 43 ("
")
--accepting rule at line 79 ("}")
--accepting rule at line 43 ("
")
--accepting rule at line 43 ("
")
--accepting rule at line 47 ("bool")
--accepting rule at line 42 (" ")
--accepting rule at line 65 ("empty")
--accepting rule at line 42 (" ")
--accepting rule at line 73 ("(")
--accepting rule at line 65 ("stack")
--accepting rule at line 42 (" ")
--accepting rule at line 65 ("stack")
--accepting rule at line 74 (")")
--accepting rule at line 42 (" ")
--accepting rule at line 78 ("{")
--accepting rule at line 43 ("
")
--accepting rule at line 42 ("   ")
--accepting rule at line 78 ("{")
--accepting rule at line 52 ("if")
--accepting rule at line 42 (" ")
--accepting rule at line 73 ("(")
--accepting rule at line 89 ("!")
--accepting rule at line 73 ("(")
--accepting rule at line 65 ("stack")
--accepting rule at line 42 (" ")
--accepting rule at line 83 ("!=")
--accepting rule at line 42 (" ")
--accepting rule at line 58 ("null")
--accepting rule at line 74 (")")
--accepting rule at line 74 (")")
--accepting rule at line 42 (" ")
--accepting rule at line 65 ("__assert_fail")
--accepting rule at line 42 (" ")
--accepting rule at line 73 ("(")
--accepting rule at line 95 (""stack != null"")
--accepting rule at line 80 (",")
--accepting rule at line 42 (" ")
--accepting rule at line 95 (""41-linkedstack.oc"")
--accepting rule at line 80 (",")
--accepting rule at line 42 (" ")
--accepting rule at line 64 ("15")
--accepting rule at line 74 (")")
--accepting rule at line 75 (";")
--accepting rule at line 79 ("}")
--accepting rule at line 75 (";")
oc: 41-linkedstack.oc: 15: syntax error, unexpected ';'
--accepting rule at line 43 ("
")
--accepting rule at line 42 ("   ")
--accepting rule at line 55 ("return")
--accepting rule at line 42 (" ")
--accepting rule at line 65 ("stack")
--accepting rule at line 81 (".")
--accepting rule at line 65 ("top")
--accepting rule at line 42 (" ")
--accepting rule at line 82 ("==")
--accepting rule at line 42 (" ")
--accepting rule at line 58 ("null")
--accepting rule at line 75 (";")
--accepting rule at line 43 ("
")
--accepting rule at line 79 ("}")
oc: 41-linkedstack.oc: 17: syntax error, unexpected '}'
--accepting rule at line 43 ("
")
--accepting rule at line 43 ("
")
--accepting rule at line 65 ("stack")
--accepting rule at line 42 (" ")
--accepting rule at line 65 ("new_stack")
--accepting rule at line 42 (" ")
--accepting rule at line 73 ("(")
--accepting rule at line 74 (")")
--accepting rule at line 42 (" ")
--accepting rule at line 78 ("{")
--accepting rule at line 43 ("
")
--accepting rule at line 42 ("   ")
--accepting rule at line 65 ("stack")
--accepting rule at line 42 (" ")
--accepting rule at line 65 ("stack")
--accepting rule at line 42 (" ")
--accepting rule at line 67 ("=")
--accepting rule at line 42 (" ")
--accepting rule at line 61 ("new")
--accepting rule at line 42 (" ")
--accepting rule at line 65 ("stack")
--accepting rule at line 42 (" ")
--accepting rule at line 73 ("(")
--accepting rule at line 74 (")")
--accepting rule at line 75 (";")
--accepting rule at line 43 ("
")
--accepting rule at line 42 ("   ")
--accepting rule at line 65 ("stack")
--accepting rule at line 81 (".")
--accepting rule at line 65 ("top")
--accepting rule at line 42 (" ")
--accepting rule at line 67 ("=")
--accepting rule at line 42 (" ")
--accepting rule at line 58 ("null")
--accepting rule at line 75 (";")
--accepting rule at line 43 ("
")
--accepting rule at line 42 ("   ")
--accepting rule at line 55 ("return")
--accepting rule at line 42 (" ")
--accepting rule at line 65 ("stack")
--accepting rule at line 75 (";")
--accepting rule at line 43 ("
")
--accepting rule at line 79 ("}")
--accepting rule at line 43 ("
")
--accepting rule at line 43 ("
")
--accepting rule at line 46 ("void")
--accepting rule at line 42 (" ")
--accepting rule at line 65 ("push")
--accepting rule at line 42 (" ")
--accepting rule at line 73 ("(")
--accepting rule at line 65 ("stack")
--accepting rule at line 42 (" ")
--accepting rule at line 65 ("stack")
--accepting rule at line 80 (",")
--accepting rule at line 42 (" ")
--accepting rule at line 50 ("string")
--accepting rule at line 42 (" ")
--accepting rule at line 65 ("str")
--accepting rule at line 74 (")")
--accepting rule at line 42 (" ")
--accepting rule at line 78 ("{")
--accepting rule at line 43 ("
")
--accepting rule at line 42 ("   ")
--accepting rule at line 78 ("{")
--accepting rule at line 52 ("if")
--accepting rule at line 42 (" ")
--accepting rule at line 73 ("(")
--accepting rule at line 89 ("!")
--accepting rule at line 73 ("(")
--accepting rule at line 65 ("stack")
--accepting rule at line 42 (" ")
--accepting rule at line 83 ("!=")
--accepting rule at line 42 (" ")
--accepting rule at line 58 ("null")
--accepting rule at line 74 (")")
--accepting rule at line 74 (")")
--accepting rule at line 42 (" ")
--accepting rule at line 65 ("__assert_fail")
--accepting rule at line 42 (" ")
--accepting rule at line 73 ("(")
--accepting rule at line 95 (""stack != null"")
--accepting rule at line 80 (",")
--accepting rule at line 42 (" ")
--accepting rule at line 95 (""41-linkedstack.oc"")
--accepting rule at line 80 (",")
--accepting rule at line 42 (" ")
--accepting rule at line 64 ("26")
--accepting rule at line 74 (")")
--accepting rule at line 75 (";")
--accepting rule at line 79 ("}")
--accepting rule at line 75 (";")
oc: 41-linkedstack.oc: 26: syntax error, unexpected ';'
--accepting rule at line 43 ("
")
--accepting rule at line 42 ("   ")
--accepting rule at line 65 ("node")
--accepting rule at line 42 (" ")
--accepting rule at line 65 ("tmp")
--accepting rule at line 42 (" ")
--accepting rule at line 67 ("=")
--accepting rule at line 42 (" ")
--accepting rule at line 61 ("new")
--accepting rule at line 42 (" ")
--accepting rule at line 65 ("node")
--accepting rule at line 42 (" ")
--accepting rule at line 73 ("(")
--accepting rule at line 74 (")")
--accepting rule at line 75 (";")
--accepting rule at line 43 ("
")
--accepting rule at line 42 ("   ")
--accepting rule at line 65 ("tmp")
--accepting rule at line 81 (".")
--accepting rule at line 65 ("data")
--accepting rule at line 42 (" ")
--accepting rule at line 67 ("=")
--accepting rule at line 42 (" ")
--accepting rule at line 65 ("str")
--accepting rule at line 75 (";")
--accepting rule at line 43 ("
")
--accepting rule at line 42 ("   ")
--accepting rule at line 65 ("tmp")
--accepting rule at line 81 (".")
--accepting rule at line 65 ("link")
--accepting rule at line 42 (" ")
--accepting rule at line 67 ("=")
--accepting rule at line 42 (" ")
--accepting rule at line 65 ("stack")
--accepting rule at line 81 (".")
--accepting rule at line 65 ("top")
--accepting rule at line 75 (";")
--accepting rule at line 43 ("
")
--accepting rule at line 42 ("   ")
--accepting rule at line 65 ("stack")
--accepting rule at line 81 (".")
--accepting rule at line 65 ("top")
--accepting rule at line 42 (" ")
--accepting rule at line 67 ("=")
--accepting rule at line 42 (" ")
--accepting rule at line 65 ("tmp")
--accepting rule at line 75 (";")
--accepting rule at line 43 ("
")
--accepting rule at line 79 ("}")
oc: 41-linkedstack.oc: 31: syntax error, unexpected '}'
--accepting rule at line 43 ("
")
--accepting rule at line 43 ("
")
--accepting rule at line 50 ("string")
--accepting rule at line 42 (" ")
--accepting rule at line 65 ("pop")
--accepting rule at line 42 (" ")
--accepting rule at line 73 ("(")
--accepting rule at line 65 ("stack")
--accepting rule at line 42 (" ")
--accepting rule at line 65 ("stack")
--accepting rule at line 74 (")")
--accepting rule at line 42 (" ")
--accepting rule at line 78 ("{")
--accepting rule at line 43 ("
")
--accepting rule at line 42 ("   ")
--accepting rule at line 78 ("{")
--accepting rule at line 52 ("if")
--accepting rule at line 42 (" ")
--accepting rule at line 73 ("(")
--accepting rule at line 89 ("!")
--accepting rule at line 73 ("(")
--accepting rule at line 65 ("stack")
--accepting rule at line 42 (" ")
--accepting rule at line 83 ("!=")
--accepting rule at line 42 (" ")
--accepting rule at line 58 ("null")
--accepting rule at line 74 (")")
--accepting rule at line 74 (")")
--accepting rule at line 42 (" ")
--accepting rule at line 65 ("__assert_fail")
--accepting rule at line 42 (" ")
--accepting rule at line 73 ("(")
--accepting rule at line 95 (""stack != null"")
--accepting rule at line 80 (",")
--accepting rule at line 42 (" ")
--accepting rule at line 95 (""41-linkedstack.oc"")
--accepting rule at line 80 (",")
--accepting rule at line 42 (" ")
--accepting rule at line 64 ("34")
--accepting rule at line 74 (")")
--accepting rule at line 75 (";")
--accepting rule at line 79 ("}")
--accepting rule at line 75 (";")
oc: 41-linkedstack.oc: 34: syntax error, unexpected ';'
--accepting rule at line 43 ("
")
--accepting rule at line 42 ("   ")
--accepting rule at line 78 ("{")
--accepting rule at line 52 ("if")
--accepting rule at line 42 (" ")
--accepting rule at line 73 ("(")
--accepting rule at line 89 ("!")
--accepting rule at line 73 ("(")
--accepting rule at line 89 ("!")
--accepting rule at line 42 (" ")
--accepting rule at line 65 ("empty")
--accepting rule at line 42 (" ")
--accepting rule at line 73 ("(")
--accepting rule at line 65 ("stack")
--accepting rule at line 74 (")")
--accepting rule at line 74 (")")
--accepting rule at line 74 (")")
--accepting rule at line 42 (" ")
--accepting rule at line 65 ("__assert_fail")
--accepting rule at line 42 (" ")
--accepting rule at line 73 ("(")
--accepting rule at line 95 (""! empty (stack)"")
--accepting rule at line 80 (",")
--accepting rule at line 42 (" ")
--accepting rule at line 95 (""41-linkedstack.oc"")
--accepting rule at line 80 (",")
--accepting rule at line 42 (" ")
--accepting rule at line 64 ("35")
--accepting rule at line 74 (")")
--accepting rule at line 75 (";")
--accepting rule at line 79 ("}")
--accepting rule at line 75 (";")
oc: 41-linkedstack.oc: 35: syntax error, unexpected ';'
--accepting rule at line 43 ("
")
--accepting rule at line 42 ("   ")
--accepting rule at line 50 ("string")
--accepting rule at line 42 (" ")
--accepting rule at line 65 ("tmp")
--accepting rule at line 42 (" ")
--accepting rule at line 67 ("=")
--accepting rule at line 42 (" ")
--accepting rule at line 65 ("stack")
--accepting rule at line 81 (".")
--accepting rule at line 65 ("top")
--accepting rule at line 81 (".")
--accepting rule at line 65 ("data")
--accepting rule at line 75 (";")
--accepting rule at line 43 ("
")
--accepting rule at line 42 ("   ")
--accepting rule at line 65 ("stack")
--accepting rule at line 81 (".")
--accepting rule at line 65 ("top")
--accepting rule at line 42 (" ")
--accepting rule at line 67 ("=")
--accepting rule at line 42 (" ")
--accepting rule at line 65 ("stack")
--accepting rule at line 81 (".")
--accepting rule at line 65 ("top")
--accepting rule at line 81 (".")
--accepting rule at line 65 ("link")
--accepting rule at line 75 (";")
--accepting rule at line 43 ("
")
--accepting rule at line 42 ("   ")
--accepting rule at line 55 ("return")
--accepting rule at line 42 (" ")
--accepting rule at line 65 ("tmp")
--accepting rule at line 75 (";")
--accepting rule at line 43 ("
")
--accepting rule at line 79 ("}")
oc: 41-linkedstack.oc: 39: syntax error, unexpected '}'
--accepting rule at line 43 ("
")
--accepting rule at line 43 ("
")
--accepting rule at line 43 ("
")
--accepting rule at line 43 ("
")
--accepting rule at line 50 ("string")
--accepting rule at line 66 ("[]")
--accepting rule at line 42 (" ")
--accepting rule at line 65 ("argv")
--accepting rule at line 42 (" ")
--accepting rule at line 67 ("=")
--accepting rule at line 42 (" ")
--accepting rule at line 65 ("getargv")
--accepting rule at line 42 (" ")
--accepting rule at line 73 ("(")
--accepting rule at line 74 (")")
--accepting rule at line 75 (";")
--accepting rule at line 43 ("
")
--accepting rule at line 65 ("stack")
--accepting rule at line 42 (" ")
--accepting rule at line 65 ("stack")
--accepting rule at line 42 (" ")
--accepting rule at line 67 ("=")
--accepting rule at line 42 (" ")
--accepting rule at line 65 ("new_stack")
--accepting rule at line 42 (" ")
--accepting rule at line 73 ("(")
--accepting rule at line 74 (")")
--accepting rule at line 75 (";")
--accepting rule at line 43 ("
")
--accepting rule at line 49 ("int")
--accepting rule at line 42 (" ")
--accepting rule at line 65 ("argi")
--accepting rule at line 42 (" ")
--accepting rule at line 67 ("=")
--accepting rule at line 42 (" ")
--accepting rule at line 64 ("0")
--accepting rule at line 75 (";")
--accepting rule at line 43 ("
")
--accepting rule at line 43 ("
")
--accepting rule at line 54 ("while")
--accepting rule at line 42 (" ")
--accepting rule at line 73 ("(")
--accepting rule at line 65 ("argv")
--accepting rule at line 76 ("[")
--accepting rule at line 65 ("argi")
--accepting rule at line 77 ("]")
--accepting rule at line 42 (" ")
--accepting rule at line 83 ("!=")
--accepting rule at line 42 (" ")
--accepting rule at line 58 ("null")
--accepting rule at line 74 (")")
--accepting rule at line 42 (" ")
--accepting rule at line 78 ("{")
--accepting rule at line 43 ("
")
--accepting rule at line 42 ("   ")
--accepting rule at line 65 ("push")
--accepting rule at line 42 (" ")
--accepting rule at line 73 ("(")
--accepting rule at line 65 ("stack")
--accepting rule at line 80 (",")
--accepting rule at line 42 (" ")
--accepting rule at line 65 ("argv")
--accepting rule at line 76 ("[")
--accepting rule at line 65 ("argi")
--accepting rule at line 77 ("]")
--accepting rule at line 74 (")")
--accepting rule at line 75 (";")
--accepting rule at line 43 ("
")
--accepting rule at line 42 ("   ")
--accepting rule at line 65 ("argi")
--accepting rule at line 42 (" ")
--accepting rule at line 67 ("=")
--accepting rule at line 42 (" ")
--accepting rule at line 65 ("argi")
--accepting rule at line 42 (" ")
--accepting rule at line 68 ("+")
--accepting rule at line 42 (" ")
--accepting rule at line 64 ("1")
--accepting rule at line 75 (";")
--accepting rule at line 43 ("
")
--accepting rule at line 79 ("}")
--accepting rule at line 43 ("
")
--accepting rule at line 43 ("
")
--accepting rule at line 54 ("while")
--accepting rule at line 42 (" ")
--accepting rule at line 73 ("(")
--accepting rule at line 89 ("!")
--accepting rule at line 42 (" ")
--accepting rule at line 65 ("empty")
--accepting rule at line 42 (" ")
--accepting rule at line 73 ("(")
--accepting rule at line 65 ("stack")
--accepting rule at line 74 (")")
--accepting rule at line 74 (")")
--accepting rule at line 42 (" ")
--accepting rule at line 78 ("{")
--accepting rule at line 43 ("
")
--accepting rule at line 42 ("   ")
--accepting rule at line 65 ("puts")
--accepting rule at line 42 (" ")
--accepting rule at line 73 ("(")
--accepting rule at line 65 ("pop")
--accepting rule at line 42 (" ")
--accepting rule at line 73 ("(")
--accepting rule at line 65 ("stack")
--accepting rule at line 74 (")")
--accepting rule at line 74 (")")
--accepting rule at line 75 (";")
--accepting rule at line 43 ("
")
--accepting rule at line 42 ("   ")
--accepting rule at line 65 ("endl")
--accepting rule at line 42 (" ")
--accepting rule at line 73 ("(")
--accepting rule at line 74 (")")
--accepting rule at line 75 (";")
--accepting rule at line 43 ("
")
--accepting rule at line 79 ("}")
--accepting rule at line 43 ("
")
--(end of buffer or a NUL)
--EOF (start condition 0)
Error 9 28 14: Reference to undefined variable str
Error 9 35 12: Reference to undefined variable empty
Error 9 36 14: Duplicate declaration tmp
Error 9 43 16: Reference to undefined variable getargv
Error 9 43 14: Duplicate declaration string
Error 9 44 12: Duplicate declaration stack
Error 9 47 7: Reference to undefined variable argv
Error 9 48 3: Reference to undefined variable push
Error 9 48 16: Reference to undefined variable argv
Error 9 52 9: Reference to undefined variable empty
Error 9 53 9: Reference to undefined variable pop
