--(end of buffer or a NUL)
--accepting rule at line 41 ("# 1 "42-viiiqueens.oc"")
--accepting rule at line 43 ("
")
--accepting rule at line 41 ("# 1 "<built-in>"")
--accepting rule at line 43 ("
")
--accepting rule at line 41 ("# 1 "<command-line>"")
--accepting rule at line 43 ("
")
--accepting rule at line 41 ("# 1 "/usr/include/stdc-predef.h" 1 3 4")
--accepting rule at line 43 ("
")
--accepting rule at line 41 ("# 1 "<command-line>" 2")
--accepting rule at line 43 ("
")
--accepting rule at line 41 ("# 1 "42-viiiqueens.oc"")
--accepting rule at line 43 ("
")
--accepting rule at line 43 ("
")
--accepting rule at line 43 ("
")
--accepting rule at line 41 ("# 1 "oclib.oh" 1")
--accepting rule at line 43 ("
")
--accepting rule at line 41 ("# 23 "oclib.oh"")
--accepting rule at line 43 ("
")
--accepting rule at line 46 ("void")
--accepting rule at line 42 (" ")
--accepting rule at line 65 ("__assert_fail")
--accepting rule at line 42 (" ")
--accepting rule at line 73 ("(")
--accepting rule at line 50 ("string")
--accepting rule at line 42 (" ")
--accepting rule at line 65 ("expr")
--accepting rule at line 80 (",")
--accepting rule at line 42 (" ")
--accepting rule at line 50 ("string")
--accepting rule at line 42 (" ")
--accepting rule at line 65 ("file")
--accepting rule at line 80 (",")
--accepting rule at line 42 (" ")
--accepting rule at line 49 ("int")
--accepting rule at line 42 (" ")
--accepting rule at line 65 ("line")
--accepting rule at line 74 (")")
--accepting rule at line 75 (";")
--accepting rule at line 43 ("
")
--accepting rule at line 46 ("void")
--accepting rule at line 42 (" ")
--accepting rule at line 65 ("putb")
--accepting rule at line 42 (" ")
--accepting rule at line 73 ("(")
--accepting rule at line 47 ("bool")
--accepting rule at line 42 (" ")
--accepting rule at line 65 ("b")
--accepting rule at line 74 (")")
--accepting rule at line 75 (";")
--accepting rule at line 43 ("
")
--accepting rule at line 46 ("void")
--accepting rule at line 42 (" ")
--accepting rule at line 65 ("putc")
--accepting rule at line 42 (" ")
--accepting rule at line 73 ("(")
--accepting rule at line 48 ("char")
--accepting rule at line 42 (" ")
--accepting rule at line 65 ("c")
--accepting rule at line 74 (")")
--accepting rule at line 75 (";")
--accepting rule at line 43 ("
")
--accepting rule at line 46 ("void")
--accepting rule at line 42 (" ")
--accepting rule at line 65 ("puti")
--accepting rule at line 42 (" ")
--accepting rule at line 73 ("(")
--accepting rule at line 49 ("int")
--accepting rule at line 42 (" ")
--accepting rule at line 65 ("i")
--accepting rule at line 74 (")")
--accepting rule at line 75 (";")
--accepting rule at line 43 ("
")
--accepting rule at line 46 ("void")
--accepting rule at line 42 (" ")
--accepting rule at line 65 ("puts")
--accepting rule at line 42 (" ")
--accepting rule at line 73 ("(")
--accepting rule at line 50 ("string")
--accepting rule at line 42 (" ")
--accepting rule at line 65 ("s")
--accepting rule at line 74 (")")
--accepting rule at line 75 (";")
--accepting rule at line 43 ("
")
--accepting rule at line 46 ("void")
--accepting rule at line 42 (" ")
--accepting rule at line 65 ("endl")
--accepting rule at line 42 (" ")
--accepting rule at line 73 ("(")
--accepting rule at line 74 (")")
--accepting rule at line 75 (";")
--accepting rule at line 43 ("
")
--accepting rule at line 49 ("int")
--accepting rule at line 42 (" ")
--accepting rule at line 65 ("getc")
--accepting rule at line 42 (" ")
--accepting rule at line 73 ("(")
--accepting rule at line 74 (")")
--accepting rule at line 75 (";")
--accepting rule at line 43 ("
")
--accepting rule at line 50 ("string")
--accepting rule at line 42 (" ")
--accepting rule at line 65 ("getw")
--accepting rule at line 42 (" ")
--accepting rule at line 73 ("(")
--accepting rule at line 74 (")")
--accepting rule at line 75 (";")
--accepting rule at line 43 ("
")
--accepting rule at line 50 ("string")
--accepting rule at line 42 (" ")
--accepting rule at line 65 ("getln")
--accepting rule at line 42 (" ")
--accepting rule at line 73 ("(")
--accepting rule at line 74 (")")
--accepting rule at line 75 (";")
--accepting rule at line 43 ("
")
--accepting rule at line 50 ("string")
--accepting rule at line 66 ("[]")
--accepting rule at line 42 (" ")
--accepting rule at line 65 ("getargv")
--accepting rule at line 42 (" ")
--accepting rule at line 73 ("(")
--accepting rule at line 74 (")")
--accepting rule at line 75 (";")
--accepting rule at line 43 ("
")
--accepting rule at line 46 ("void")
--accepting rule at line 42 (" ")
--accepting rule at line 65 ("exit")
--accepting rule at line 42 (" ")
--accepting rule at line 73 ("(")
--accepting rule at line 49 ("int")
--accepting rule at line 42 (" ")
--accepting rule at line 65 ("status")
--accepting rule at line 74 (")")
--accepting rule at line 75 (";")
--accepting rule at line 43 ("
")
--accepting rule at line 41 ("# 4 "42-viiiqueens.oc" 2")
--accepting rule at line 43 ("
")
--accepting rule at line 43 ("
")
--accepting rule at line 43 ("
")
--accepting rule at line 49 ("int")
--accepting rule at line 66 ("[]")
--accepting rule at line 42 (" ")
--accepting rule at line 65 ("board")
--accepting rule at line 42 (" ")
--accepting rule at line 67 ("=")
--accepting rule at line 42 (" ")
--accepting rule at line 61 ("new")
--accepting rule at line 42 (" ")
--accepting rule at line 49 ("int")
--accepting rule at line 76 ("[")
--accepting rule at line 64 ("8")
--accepting rule at line 77 ("]")
--accepting rule at line 75 (";")
--accepting rule at line 43 ("
")
--accepting rule at line 43 ("
")
--accepting rule at line 47 ("bool")
--accepting rule at line 42 (" ")
--accepting rule at line 65 ("is_safe")
--accepting rule at line 42 (" ")
--accepting rule at line 73 ("(")
--accepting rule at line 49 ("int")
--accepting rule at line 42 (" ")
--accepting rule at line 65 ("newcol")
--accepting rule at line 74 (")")
--accepting rule at line 42 (" ")
--accepting rule at line 78 ("{")
--accepting rule at line 43 ("
")
--accepting rule at line 42 ("   ")
--accepting rule at line 49 ("int")
--accepting rule at line 42 (" ")
--accepting rule at line 65 ("col")
--accepting rule at line 42 (" ")
--accepting rule at line 67 ("=")
--accepting rule at line 42 (" ")
--accepting rule at line 64 ("0")
--accepting rule at line 75 (";")
--accepting rule at line 43 ("
")
--accepting rule at line 42 ("   ")
--accepting rule at line 54 ("while")
--accepting rule at line 42 (" ")
--accepting rule at line 73 ("(")
--accepting rule at line 65 ("col")
--accepting rule at line 42 (" ")
--accepting rule at line 84 ("<")
--accepting rule at line 42 (" ")
--accepting rule at line 65 ("newcol")
--accepting rule at line 74 (")")
--accepting rule at line 42 (" ")
--accepting rule at line 78 ("{")
--accepting rule at line 43 ("
")
--accepting rule at line 42 ("      ")
--accepting rule at line 52 ("if")
--accepting rule at line 42 (" ")
--accepting rule at line 73 ("(")
--accepting rule at line 65 ("board")
--accepting rule at line 76 ("[")
--accepting rule at line 65 ("col")
--accepting rule at line 77 ("]")
--accepting rule at line 42 (" ")
--accepting rule at line 82 ("==")
--accepting rule at line 42 (" ")
--accepting rule at line 65 ("board")
--accepting rule at line 76 ("[")
--accepting rule at line 65 ("newcol")
--accepting rule at line 77 ("]")
--accepting rule at line 74 (")")
--accepting rule at line 42 (" ")
--accepting rule at line 55 ("return")
--accepting rule at line 42 (" ")
--accepting rule at line 56 ("false")
--accepting rule at line 75 (";")
--accepting rule at line 43 ("
")
--accepting rule at line 42 ("      ")
--accepting rule at line 49 ("int")
--accepting rule at line 42 (" ")
--accepting rule at line 65 ("diagonal")
--accepting rule at line 42 (" ")
--accepting rule at line 67 ("=")
--accepting rule at line 42 (" ")
--accepting rule at line 65 ("board")
--accepting rule at line 76 ("[")
--accepting rule at line 65 ("col")
--accepting rule at line 77 ("]")
--accepting rule at line 42 (" ")
--accepting rule at line 69 ("-")
--accepting rule at line 42 (" ")
--accepting rule at line 65 ("board")
--accepting rule at line 76 ("[")
--accepting rule at line 65 ("newcol")
--accepting rule at line 77 ("]")
--accepting rule at line 75 (";")
--accepting rule at line 43 ("
")
--accepting rule at line 42 ("      ")
--accepting rule at line 52 ("if")
--accepting rule at line 42 (" ")
--accepting rule at line 73 ("(")
--accepting rule at line 65 ("diagonal")
--accepting rule at line 42 (" ")
--accepting rule at line 82 ("==")
--accepting rule at line 42 (" ")
--accepting rule at line 65 ("col")
--accepting rule at line 42 (" ")
--accepting rule at line 69 ("-")
--accepting rule at line 42 (" ")
--accepting rule at line 65 ("newcol")
--accepting rule at line 74 (")")
--accepting rule at line 42 (" ")
--accepting rule at line 55 ("return")
--accepting rule at line 42 (" ")
--accepting rule at line 56 ("false")
--accepting rule at line 75 (";")
--accepting rule at line 43 ("
")
--accepting rule at line 42 ("      ")
--accepting rule at line 52 ("if")
--accepting rule at line 42 (" ")
--accepting rule at line 73 ("(")
--accepting rule at line 65 ("diagonal")
--accepting rule at line 42 (" ")
--accepting rule at line 82 ("==")
--accepting rule at line 42 (" ")
--accepting rule at line 65 ("newcol")
--accepting rule at line 42 (" ")
--accepting rule at line 69 ("-")
--accepting rule at line 42 (" ")
--accepting rule at line 65 ("col")
--accepting rule at line 74 (")")
--accepting rule at line 42 (" ")
--accepting rule at line 55 ("return")
--accepting rule at line 42 (" ")
--accepting rule at line 56 ("false")
--accepting rule at line 75 (";")
--accepting rule at line 43 ("
")
--accepting rule at line 42 ("      ")
--accepting rule at line 65 ("col")
--accepting rule at line 42 (" ")
--accepting rule at line 67 ("=")
--accepting rule at line 42 (" ")
--accepting rule at line 65 ("col")
--accepting rule at line 42 (" ")
--accepting rule at line 68 ("+")
--accepting rule at line 42 (" ")
--accepting rule at line 64 ("1")
--accepting rule at line 75 (";")
--accepting rule at line 43 ("
")
--accepting rule at line 42 ("   ")
--accepting rule at line 79 ("}")
--accepting rule at line 43 ("
")
--accepting rule at line 42 ("   ")
--accepting rule at line 55 ("return")
--accepting rule at line 42 (" ")
--accepting rule at line 57 ("true")
--accepting rule at line 75 (";")
--accepting rule at line 43 ("
")
--accepting rule at line 79 ("}")
--accepting rule at line 43 ("
")
--accepting rule at line 43 ("
")
--accepting rule at line 46 ("void")
--accepting rule at line 42 (" ")
--accepting rule at line 65 ("printqueens")
--accepting rule at line 42 (" ")
--accepting rule at line 73 ("(")
--accepting rule at line 74 (")")
--accepting rule at line 42 (" ")
--accepting rule at line 78 ("{")
--accepting rule at line 43 ("
")
--accepting rule at line 42 ("   ")
--accepting rule at line 49 ("int")
--accepting rule at line 42 (" ")
--accepting rule at line 65 ("col")
--accepting rule at line 42 (" ")
--accepting rule at line 67 ("=")
--accepting rule at line 42 (" ")
--accepting rule at line 64 ("0")
--accepting rule at line 75 (";")
--accepting rule at line 43 ("
")
--accepting rule at line 42 ("   ")
--accepting rule at line 54 ("while")
--accepting rule at line 42 (" ")
--accepting rule at line 73 ("(")
--accepting rule at line 65 ("col")
--accepting rule at line 42 (" ")
--accepting rule at line 84 ("<")
--accepting rule at line 42 (" ")
--accepting rule at line 64 ("8")
--accepting rule at line 74 (")")
--accepting rule at line 42 (" ")
--accepting rule at line 78 ("{")
--accepting rule at line 43 ("
")
--accepting rule at line 42 ("      ")
--accepting rule at line 65 ("putc")
--accepting rule at line 42 (" ")
--accepting rule at line 73 ("(")
--accepting rule at line 60 ("chr")
--accepting rule at line 42 (" ")
--accepting rule at line 73 ("(")
--accepting rule at line 65 ("board")
--accepting rule at line 76 ("[")
--accepting rule at line 65 ("col")
--accepting rule at line 77 ("]")
--accepting rule at line 42 (" ")
--accepting rule at line 68 ("+")
--accepting rule at line 42 (" ")
--accepting rule at line 59 ("ord")
--accepting rule at line 42 (" ")
--accepting rule at line 98 ("'1'")
--accepting rule at line 74 (")")
--accepting rule at line 74 (")")
--accepting rule at line 75 (";")
--accepting rule at line 43 ("
")
--accepting rule at line 42 ("      ")
--accepting rule at line 65 ("col")
--accepting rule at line 42 (" ")
--accepting rule at line 67 ("=")
--accepting rule at line 42 (" ")
--accepting rule at line 65 ("col")
--accepting rule at line 42 (" ")
--accepting rule at line 68 ("+")
--accepting rule at line 42 (" ")
--accepting rule at line 64 ("1")
--accepting rule at line 75 (";")
--accepting rule at line 43 ("
")
--accepting rule at line 42 ("   ")
--accepting rule at line 79 ("}")
--accepting rule at line 43 ("
")
--accepting rule at line 42 ("   ")
--accepting rule at line 65 ("putc")
--accepting rule at line 42 (" ")
--accepting rule at line 73 ("(")
--accepting rule at line 98 ("'\n'")
--accepting rule at line 74 (")")
--accepting rule at line 75 (";")
--accepting rule at line 43 ("
")
--accepting rule at line 79 ("}")
--accepting rule at line 43 ("
")
--accepting rule at line 43 ("
")
--accepting rule at line 46 ("void")
--accepting rule at line 42 (" ")
--accepting rule at line 65 ("queens")
--accepting rule at line 42 (" ")
--accepting rule at line 73 ("(")
--accepting rule at line 49 ("int")
--accepting rule at line 42 (" ")
--accepting rule at line 65 ("newcol")
--accepting rule at line 74 (")")
--accepting rule at line 42 (" ")
--accepting rule at line 78 ("{")
--accepting rule at line 43 ("
")
--accepting rule at line 42 ("   ")
--accepting rule at line 52 ("if")
--accepting rule at line 42 (" ")
--accepting rule at line 73 ("(")
--accepting rule at line 65 ("newcol")
--accepting rule at line 42 (" ")
--accepting rule at line 82 ("==")
--accepting rule at line 42 (" ")
--accepting rule at line 64 ("8")
--accepting rule at line 74 (")")
--accepting rule at line 42 (" ")
--accepting rule at line 65 ("printqueens")
--accepting rule at line 42 (" ")
--accepting rule at line 73 ("(")
--accepting rule at line 74 (")")
--accepting rule at line 75 (";")
--accepting rule at line 43 ("
")
--accepting rule at line 42 ("   ")
--accepting rule at line 53 ("else")
--accepting rule at line 42 (" ")
--accepting rule at line 78 ("{")
--accepting rule at line 43 ("
")
--accepting rule at line 42 ("      ")
--accepting rule at line 49 ("int")
--accepting rule at line 42 (" ")
--accepting rule at line 65 ("row")
--accepting rule at line 42 (" ")
--accepting rule at line 67 ("=")
--accepting rule at line 42 (" ")
--accepting rule at line 64 ("0")
--accepting rule at line 75 (";")
--accepting rule at line 43 ("
")
--accepting rule at line 42 ("      ")
--accepting rule at line 54 ("while")
--accepting rule at line 42 (" ")
--accepting rule at line 73 ("(")
--accepting rule at line 65 ("row")
--accepting rule at line 42 (" ")
--accepting rule at line 84 ("<")
--accepting rule at line 42 (" ")
--accepting rule at line 64 ("8")
--accepting rule at line 74 (")")
--accepting rule at line 42 (" ")
--accepting rule at line 78 ("{")
--accepting rule at line 43 ("
")
--accepting rule at line 42 ("         ")
--accepting rule at line 65 ("board")
--accepting rule at line 76 ("[")
--accepting rule at line 65 ("newcol")
--accepting rule at line 77 ("]")
--accepting rule at line 42 (" ")
--accepting rule at line 67 ("=")
--accepting rule at line 42 (" ")
--accepting rule at line 65 ("row")
--accepting rule at line 75 (";")
--accepting rule at line 43 ("
")
--accepting rule at line 42 ("         ")
--accepting rule at line 52 ("if")
--accepting rule at line 42 (" ")
--accepting rule at line 73 ("(")
--accepting rule at line 65 ("is_safe")
--accepting rule at line 42 (" ")
--accepting rule at line 73 ("(")
--accepting rule at line 65 ("newcol")
--accepting rule at line 74 (")")
--accepting rule at line 74 (")")
--accepting rule at line 42 (" ")
--accepting rule at line 65 ("queens")
--accepting rule at line 42 (" ")
--accepting rule at line 73 ("(")
--accepting rule at line 65 ("newcol")
--accepting rule at line 42 (" ")
--accepting rule at line 68 ("+")
--accepting rule at line 42 (" ")
--accepting rule at line 64 ("1")
--accepting rule at line 74 (")")
--accepting rule at line 75 (";")
--accepting rule at line 43 ("
")
--accepting rule at line 42 ("         ")
--accepting rule at line 65 ("row")
--accepting rule at line 42 (" ")
--accepting rule at line 67 ("=")
--accepting rule at line 42 (" ")
--accepting rule at line 65 ("row")
--accepting rule at line 42 (" ")
--accepting rule at line 68 ("+")
--accepting rule at line 42 (" ")
--accepting rule at line 64 ("1")
--accepting rule at line 75 (";")
--accepting rule at line 43 ("
")
--accepting rule at line 42 ("      ")
--accepting rule at line 79 ("}")
--accepting rule at line 43 ("
")
--accepting rule at line 42 ("   ")
--accepting rule at line 79 ("}")
--accepting rule at line 43 ("
")
--accepting rule at line 79 ("}")
--accepting rule at line 43 ("
")
--accepting rule at line 43 ("
")
--accepting rule at line 43 ("
")
--accepting rule at line 65 ("queens")
--accepting rule at line 42 (" ")
--accepting rule at line 73 ("(")
--accepting rule at line 64 ("0")
--accepting rule at line 74 (")")
--accepting rule at line 75 (";")
--accepting rule at line 43 ("
")
--(end of buffer or a NUL)
--EOF (start condition 0)
Error 9 10 16: Reference to undefined variable newcol
Error 9 11 10: Reference to undefined variable board
Error 9 11 24: Reference to undefined variable board
Error 9 11 30: Reference to undefined variable newcol
Error 9 12 21: Reference to undefined variable board
Error 9 12 34: Reference to undefined variable board
Error 9 12 40: Reference to undefined variable newcol
Error 9 13 28: Reference to undefined variable newcol
Error 9 14 22: Reference to undefined variable newcol
Error 9 21 11: Duplicate declaration col
Error 9 23 17: Reference to undefined variable board
Error 9 30 7: Reference to undefined variable newcol
Error 9 33 13: Reference to undefined variable row
Error 9 34 9: Reference to undefined variable board
Error 9 34 15: Reference to undefined variable newcol
Error 9 34 25: Reference to undefined variable row
Error 9 35 22: Reference to undefined variable newcol
Error 9 35 31: Reference to undefined variable queens
Error 9 35 39: Reference to undefined variable newcol
Error 9 36 9: Reference to undefined variable row
Error 9 36 15: Reference to undefined variable row
Invalid symbol TOK_NEWARRAY
Invalid symbol TOK_INDEX
Invalid symbol TOK_INDEX
Invalid symbol TOK_INDEX
Invalid symbol TOK_INDEX
Invalid symbol TOK_INDEX
Invalid symbol TOK_VOID
