--(end of buffer or a NUL)
--accepting rule at line 41 ("# 1 "44-dot-product.oc"")
--accepting rule at line 43 ("
")
--accepting rule at line 41 ("# 1 "<built-in>"")
--accepting rule at line 43 ("
")
--accepting rule at line 41 ("# 1 "<command-line>"")
--accepting rule at line 43 ("
")
--accepting rule at line 41 ("# 1 "/usr/include/stdc-predef.h" 1 3 4")
--accepting rule at line 43 ("
")
--accepting rule at line 41 ("# 1 "<command-line>" 2")
--accepting rule at line 43 ("
")
--accepting rule at line 41 ("# 1 "44-dot-product.oc"")
--accepting rule at line 43 ("
")
--accepting rule at line 43 ("
")
--accepting rule at line 43 ("
")
--accepting rule at line 41 ("# 1 "oclib.oh" 1")
--accepting rule at line 43 ("
")
--accepting rule at line 41 ("# 23 "oclib.oh"")
--accepting rule at line 43 ("
")
--accepting rule at line 46 ("void")
--accepting rule at line 42 (" ")
--accepting rule at line 65 ("__assert_fail")
--accepting rule at line 42 (" ")
--accepting rule at line 73 ("(")
--accepting rule at line 50 ("string")
--accepting rule at line 42 (" ")
--accepting rule at line 65 ("expr")
--accepting rule at line 80 (",")
--accepting rule at line 42 (" ")
--accepting rule at line 50 ("string")
--accepting rule at line 42 (" ")
--accepting rule at line 65 ("file")
--accepting rule at line 80 (",")
--accepting rule at line 42 (" ")
--accepting rule at line 49 ("int")
--accepting rule at line 42 (" ")
--accepting rule at line 65 ("line")
--accepting rule at line 74 (")")
--accepting rule at line 75 (";")
--accepting rule at line 43 ("
")
--accepting rule at line 46 ("void")
--accepting rule at line 42 (" ")
--accepting rule at line 65 ("putb")
--accepting rule at line 42 (" ")
--accepting rule at line 73 ("(")
--accepting rule at line 47 ("bool")
--accepting rule at line 42 (" ")
--accepting rule at line 65 ("b")
--accepting rule at line 74 (")")
--accepting rule at line 75 (";")
--accepting rule at line 43 ("
")
--accepting rule at line 46 ("void")
--accepting rule at line 42 (" ")
--accepting rule at line 65 ("putc")
--accepting rule at line 42 (" ")
--accepting rule at line 73 ("(")
--accepting rule at line 48 ("char")
--accepting rule at line 42 (" ")
--accepting rule at line 65 ("c")
--accepting rule at line 74 (")")
--accepting rule at line 75 (";")
--accepting rule at line 43 ("
")
--accepting rule at line 46 ("void")
--accepting rule at line 42 (" ")
--accepting rule at line 65 ("puti")
--accepting rule at line 42 (" ")
--accepting rule at line 73 ("(")
--accepting rule at line 49 ("int")
--accepting rule at line 42 (" ")
--accepting rule at line 65 ("i")
--accepting rule at line 74 (")")
--accepting rule at line 75 (";")
--accepting rule at line 43 ("
")
--accepting rule at line 46 ("void")
--accepting rule at line 42 (" ")
--accepting rule at line 65 ("puts")
--accepting rule at line 42 (" ")
--accepting rule at line 73 ("(")
--accepting rule at line 50 ("string")
--accepting rule at line 42 (" ")
--accepting rule at line 65 ("s")
--accepting rule at line 74 (")")
--accepting rule at line 75 (";")
--accepting rule at line 43 ("
")
--accepting rule at line 46 ("void")
--accepting rule at line 42 (" ")
--accepting rule at line 65 ("endl")
--accepting rule at line 42 (" ")
--accepting rule at line 73 ("(")
--accepting rule at line 74 (")")
--accepting rule at line 75 (";")
--accepting rule at line 43 ("
")
--accepting rule at line 49 ("int")
--accepting rule at line 42 (" ")
--accepting rule at line 65 ("getc")
--accepting rule at line 42 (" ")
--accepting rule at line 73 ("(")
--accepting rule at line 74 (")")
--accepting rule at line 75 (";")
--accepting rule at line 43 ("
")
--accepting rule at line 50 ("string")
--accepting rule at line 42 (" ")
--accepting rule at line 65 ("getw")
--accepting rule at line 42 (" ")
--accepting rule at line 73 ("(")
--accepting rule at line 74 (")")
--accepting rule at line 75 (";")
--accepting rule at line 43 ("
")
--accepting rule at line 50 ("string")
--accepting rule at line 42 (" ")
--accepting rule at line 65 ("getln")
--accepting rule at line 42 (" ")
--accepting rule at line 73 ("(")
--accepting rule at line 74 (")")
--accepting rule at line 75 (";")
--accepting rule at line 43 ("
")
--accepting rule at line 50 ("string")
--accepting rule at line 66 ("[]")
--accepting rule at line 42 (" ")
--accepting rule at line 65 ("getargv")
--accepting rule at line 42 (" ")
--accepting rule at line 73 ("(")
--accepting rule at line 74 (")")
--accepting rule at line 75 (";")
--accepting rule at line 43 ("
")
--accepting rule at line 46 ("void")
--accepting rule at line 42 (" ")
--accepting rule at line 65 ("exit")
--accepting rule at line 42 (" ")
--accepting rule at line 73 ("(")
--accepting rule at line 49 ("int")
--accepting rule at line 42 (" ")
--accepting rule at line 65 ("status")
--accepting rule at line 74 (")")
--accepting rule at line 75 (";")
--accepting rule at line 43 ("
")
--accepting rule at line 41 ("# 4 "44-dot-product.oc" 2")
--accepting rule at line 43 ("
")
--accepting rule at line 43 ("
")
--accepting rule at line 49 ("int")
--accepting rule at line 42 (" ")
--accepting rule at line 65 ("dot_product")
--accepting rule at line 42 (" ")
--accepting rule at line 73 ("(")
--accepting rule at line 49 ("int")
--accepting rule at line 42 (" ")
--accepting rule at line 65 ("size")
--accepting rule at line 80 (",")
--accepting rule at line 42 (" ")
--accepting rule at line 49 ("int")
--accepting rule at line 66 ("[]")
--accepting rule at line 42 (" ")
--accepting rule at line 65 ("vec1")
--accepting rule at line 80 (",")
--accepting rule at line 42 (" ")
--accepting rule at line 49 ("int")
--accepting rule at line 66 ("[]")
--accepting rule at line 42 (" ")
--accepting rule at line 65 ("vec2")
--accepting rule at line 74 (")")
--accepting rule at line 42 (" ")
--accepting rule at line 78 ("{")
--accepting rule at line 43 ("
")
--accepting rule at line 42 ("   ")
--accepting rule at line 49 ("int")
--accepting rule at line 42 (" ")
--accepting rule at line 65 ("index")
--accepting rule at line 42 (" ")
--accepting rule at line 67 ("=")
--accepting rule at line 42 (" ")
--accepting rule at line 64 ("0")
--accepting rule at line 75 (";")
--accepting rule at line 43 ("
")
--accepting rule at line 42 ("   ")
--accepting rule at line 49 ("int")
--accepting rule at line 42 (" ")
--accepting rule at line 65 ("dot")
--accepting rule at line 42 (" ")
--accepting rule at line 67 ("=")
--accepting rule at line 42 (" ")
--accepting rule at line 64 ("0")
--accepting rule at line 75 (";")
--accepting rule at line 43 ("
")
--accepting rule at line 42 ("   ")
--accepting rule at line 54 ("while")
--accepting rule at line 42 (" ")
--accepting rule at line 73 ("(")
--accepting rule at line 65 ("index")
--accepting rule at line 42 (" ")
--accepting rule at line 84 ("<")
--accepting rule at line 42 (" ")
--accepting rule at line 65 ("size")
--accepting rule at line 74 (")")
--accepting rule at line 42 (" ")
--accepting rule at line 78 ("{")
--accepting rule at line 43 ("
")
--accepting rule at line 42 ("      ")
--accepting rule at line 65 ("dot")
--accepting rule at line 42 (" ")
--accepting rule at line 67 ("=")
--accepting rule at line 42 (" ")
--accepting rule at line 65 ("dot")
--accepting rule at line 42 (" ")
--accepting rule at line 68 ("+")
--accepting rule at line 42 (" ")
--accepting rule at line 65 ("vec1")
--accepting rule at line 76 ("[")
--accepting rule at line 65 ("index")
--accepting rule at line 77 ("]")
--accepting rule at line 42 (" ")
--accepting rule at line 70 ("*")
--accepting rule at line 42 (" ")
--accepting rule at line 65 ("vec2")
--accepting rule at line 76 ("[")
--accepting rule at line 65 ("index")
--accepting rule at line 77 ("]")
--accepting rule at line 75 (";")
--accepting rule at line 43 ("
")
--accepting rule at line 42 ("      ")
--accepting rule at line 65 ("index")
--accepting rule at line 42 (" ")
--accepting rule at line 67 ("=")
--accepting rule at line 42 (" ")
--accepting rule at line 65 ("index")
--accepting rule at line 42 (" ")
--accepting rule at line 68 ("+")
--accepting rule at line 42 (" ")
--accepting rule at line 64 ("1")
--accepting rule at line 75 (";")
--accepting rule at line 43 ("
")
--accepting rule at line 42 ("   ")
--accepting rule at line 79 ("}")
--accepting rule at line 43 ("
")
--accepting rule at line 42 ("   ")
--accepting rule at line 55 ("return")
--accepting rule at line 42 (" ")
--accepting rule at line 65 ("dot")
--accepting rule at line 75 (";")
--accepting rule at line 43 ("
")
--accepting rule at line 79 ("}")
--accepting rule at line 43 ("
")
--accepting rule at line 43 ("
")
--accepting rule at line 43 ("
")
--accepting rule at line 49 ("int")
--accepting rule at line 66 ("[]")
--accepting rule at line 42 (" ")
--accepting rule at line 65 ("vec1")
--accepting rule at line 42 (" ")
--accepting rule at line 67 ("=")
--accepting rule at line 42 (" ")
--accepting rule at line 61 ("new")
--accepting rule at line 42 (" ")
--accepting rule at line 49 ("int")
--accepting rule at line 76 ("[")
--accepting rule at line 64 ("10")
--accepting rule at line 77 ("]")
--accepting rule at line 75 (";")
--accepting rule at line 43 ("
")
--accepting rule at line 49 ("int")
--accepting rule at line 66 ("[]")
--accepting rule at line 42 (" ")
--accepting rule at line 65 ("vec2")
--accepting rule at line 42 (" ")
--accepting rule at line 67 ("=")
--accepting rule at line 42 (" ")
--accepting rule at line 61 ("new")
--accepting rule at line 42 (" ")
--accepting rule at line 49 ("int")
--accepting rule at line 76 ("[")
--accepting rule at line 64 ("10")
--accepting rule at line 77 ("]")
--accepting rule at line 75 (";")
--accepting rule at line 43 ("
")
--accepting rule at line 49 ("int")
--accepting rule at line 42 (" ")
--accepting rule at line 65 ("i")
--accepting rule at line 42 (" ")
--accepting rule at line 67 ("=")
--accepting rule at line 42 (" ")
--accepting rule at line 64 ("0")
--accepting rule at line 75 (";")
--accepting rule at line 43 ("
")
--accepting rule at line 54 ("while")
--accepting rule at line 42 (" ")
--accepting rule at line 73 ("(")
--accepting rule at line 65 ("i")
--accepting rule at line 42 (" ")
--accepting rule at line 84 ("<")
--accepting rule at line 42 (" ")
--accepting rule at line 64 ("10")
--accepting rule at line 74 (")")
--accepting rule at line 42 (" ")
--accepting rule at line 78 ("{")
--accepting rule at line 43 ("
")
--accepting rule at line 42 ("   ")
--accepting rule at line 65 ("vec1")
--accepting rule at line 76 ("[")
--accepting rule at line 65 ("i")
--accepting rule at line 77 ("]")
--accepting rule at line 42 (" ")
--accepting rule at line 67 ("=")
--accepting rule at line 42 (" ")
--accepting rule at line 65 ("i")
--accepting rule at line 42 (" ")
--accepting rule at line 68 ("+")
--accepting rule at line 42 (" ")
--accepting rule at line 64 ("10")
--accepting rule at line 75 (";")
--accepting rule at line 43 ("
")
--accepting rule at line 42 ("   ")
--accepting rule at line 65 ("vec2")
--accepting rule at line 76 ("[")
--accepting rule at line 65 ("i")
--accepting rule at line 77 ("]")
--accepting rule at line 42 (" ")
--accepting rule at line 67 ("=")
--accepting rule at line 42 (" ")
--accepting rule at line 65 ("i")
--accepting rule at line 42 (" ")
--accepting rule at line 70 ("*")
--accepting rule at line 42 (" ")
--accepting rule at line 64 ("10")
--accepting rule at line 75 (";")
--accepting rule at line 43 ("
")
--accepting rule at line 42 ("   ")
--accepting rule at line 65 ("i")
--accepting rule at line 42 (" ")
--accepting rule at line 67 ("=")
--accepting rule at line 42 (" ")
--accepting rule at line 65 ("i")
--accepting rule at line 42 (" ")
--accepting rule at line 68 ("+")
--accepting rule at line 42 (" ")
--accepting rule at line 64 ("1")
--accepting rule at line 75 (";")
--accepting rule at line 43 ("
")
--accepting rule at line 79 ("}")
--accepting rule at line 43 ("
")
--accepting rule at line 65 ("puti")
--accepting rule at line 42 (" ")
--accepting rule at line 73 ("(")
--accepting rule at line 65 ("dot_product")
--accepting rule at line 42 (" ")
--accepting rule at line 73 ("(")
--accepting rule at line 64 ("10")
--accepting rule at line 80 (",")
--accepting rule at line 42 (" ")
--accepting rule at line 65 ("vec1")
--accepting rule at line 80 (",")
--accepting rule at line 42 (" ")
--accepting rule at line 65 ("vec2")
--accepting rule at line 74 (")")
--accepting rule at line 74 (")")
--accepting rule at line 75 (";")
--accepting rule at line 43 ("
")
--accepting rule at line 65 ("endl")
--accepting rule at line 42 (" ")
--accepting rule at line 73 ("(")
--accepting rule at line 74 (")")
--accepting rule at line 75 (";")
--accepting rule at line 43 ("
")
--(end of buffer or a NUL)
--EOF (start condition 0)
Error 9 8 18: Reference to undefined variable size
Error 9 9 18: Reference to undefined variable vec1
Error 9 9 32: Reference to undefined variable vec2
Error 9 20 3: Reference to undefined variable vec1
Error 9 21 3: Reference to undefined variable vec2
Error 9 24 23: Reference to undefined variable vec1
Error 9 24 29: Reference to undefined variable vec2
Invalid symbol TOK_INDEX
Invalid symbol TOK_INDEX
Invalid symbol TOK_NEWARRAY
Invalid symbol TOK_NEWARRAY
left operand of '=' not an identifier
left operand of '=' not an identifier
