--(end of buffer or a NUL)
--accepting rule at line 41 ("# 1 "90-c8q.oc"")
--accepting rule at line 43 ("
")
--accepting rule at line 41 ("# 1 "<built-in>"")
--accepting rule at line 43 ("
")
--accepting rule at line 41 ("# 1 "<command-line>"")
--accepting rule at line 43 ("
")
--accepting rule at line 41 ("# 1 "/usr/include/stdc-predef.h" 1 3 4")
--accepting rule at line 43 ("
")
--accepting rule at line 41 ("# 1 "<command-line>" 2")
--accepting rule at line 43 ("
")
--accepting rule at line 41 ("# 1 "90-c8q.oc"")
--accepting rule at line 43 ("
")
--accepting rule at line 48 ("char")
--accepting rule at line 42 (" ")
--accepting rule at line 65 ("O")
--accepting rule at line 76 ("[")
oc: 90-c8q.oc: 1: syntax error, unexpected '[', expecting '=' or '('
--accepting rule at line 64 ("9")
--accepting rule at line 77 ("]")
--accepting rule at line 75 (";")
--accepting rule at line 65 ("Q")
--accepting rule at line 73 ("(")
--accepting rule at line 65 ("l")
--accepting rule at line 80 (",")
--accepting rule at line 65 ("b")
--accepting rule at line 80 (",")
--accepting rule at line 65 ("d")
--accepting rule at line 74 (")")
--accepting rule at line 78 ("{")
oc: 90-c8q.oc: 1: syntax error, unexpected '{'
--accepting rule at line 49 ("int")
--accepting rule at line 42 (" ")
--accepting rule at line 65 ("o")
--accepting rule at line 67 ("=")
--accepting rule at line 64 ("8")
--accepting rule at line 80 (",")
--accepting rule at line 65 ("p")
--accepting rule at line 67 ("=")
--accepting rule at line 64 ("1")
--accepting rule at line 80 (",")
--accepting rule at line 65 ("q")
--accepting rule at line 67 ("=")
--accepting rule at line 64 ("1")
--accepting rule at line 84 ("<")
--accepting rule at line 84 ("<")
--accepting rule at line 43 ("
")
--accepting rule at line 65 ("l")
--accepting rule at line 102 ("|")
oc: 90-c8q.oc: 2: invalid source character (|)
--accepting rule at line 64 ("1")
--accepting rule at line 84 ("<")
--accepting rule at line 84 ("<")
--accepting rule at line 64 ("22")
--accepting rule at line 69 ("-")
--accepting rule at line 65 ("l")
--accepting rule at line 75 (";")
--accepting rule at line 65 ("for")
--accepting rule at line 73 ("(")
--accepting rule at line 75 (";")
oc: 90-c8q.oc: 2: syntax error, unexpected ';'
--accepting rule at line 65 ("l")
--accepting rule at line 86 (">")
--accepting rule at line 64 ("7")
--accepting rule at line 102 ("?")
oc: 90-c8q.oc: 2: invalid source character (?)
--accepting rule at line 89 ("!")
oc: 90-c8q.oc: 2: syntax error, unexpected '!'
--accepting rule at line 65 ("write")
--accepting rule at line 73 ("(")
--accepting rule at line 64 ("1")
--accepting rule at line 80 (",")
--accepting rule at line 65 ("O")
--accepting rule at line 80 (",")
--accepting rule at line 64 ("9")
--accepting rule at line 74 (")")
--accepting rule at line 102 (":")
oc: 90-c8q.oc: 2: invalid source character (:)
--accepting rule at line 65 ("o")
--accepting rule at line 69 ("-")
--accepting rule at line 69 ("-")
--accepting rule at line 43 ("
")
--accepting rule at line 75 (";")
--accepting rule at line 74 (")")
--accepting rule at line 65 ("O")
--accepting rule at line 76 ("[")
--accepting rule at line 65 ("l")
--accepting rule at line 77 ("]")
--accepting rule at line 67 ("=")
--accepting rule at line 64 ("56")
--accepting rule at line 69 ("-")
--accepting rule at line 65 ("o")
--accepting rule at line 80 (",")
--accepting rule at line 65 ("b")
--accepting rule at line 102 ("&")
oc: 90-c8q.oc: 3: invalid source character (&)
--accepting rule at line 65 ("p")
--accepting rule at line 102 ("|")
oc: 90-c8q.oc: 3: invalid source character (|)
--accepting rule at line 65 ("d")
--accepting rule at line 102 ("&")
oc: 90-c8q.oc: 3: invalid source character (&)
--accepting rule at line 65 ("q")
--accepting rule at line 102 ("|")
oc: 90-c8q.oc: 3: invalid source character (|)
--accepting rule at line 102 ("|")
oc: 90-c8q.oc: 3: invalid source character (|)
--accepting rule at line 65 ("Q")
--accepting rule at line 73 ("(")
--accepting rule at line 65 ("l")
--accepting rule at line 68 ("+")
--accepting rule at line 64 ("1")
--accepting rule at line 80 (",")
--accepting rule at line 65 ("b")
--accepting rule at line 102 ("|")
oc: 90-c8q.oc: 3: invalid source character (|)
--accepting rule at line 65 ("p")
--accepting rule at line 80 (",")
--accepting rule at line 65 ("d")
--accepting rule at line 102 ("|")
oc: 90-c8q.oc: 3: invalid source character (|)
--accepting rule at line 65 ("q")
--accepting rule at line 74 (")")
--accepting rule at line 80 (",")
--accepting rule at line 43 ("
")
--accepting rule at line 65 ("p")
--accepting rule at line 70 ("*")
--accepting rule at line 67 ("=")
--accepting rule at line 64 ("2")
--accepting rule at line 80 (",")
--accepting rule at line 65 ("q")
--accepting rule at line 70 ("*")
--accepting rule at line 67 ("=")
--accepting rule at line 64 ("2")
--accepting rule at line 75 (";")
--accepting rule at line 79 ("}")
--accepting rule at line 65 ("main")
--accepting rule at line 73 ("(")
--accepting rule at line 74 (")")
--accepting rule at line 78 ("{")
oc: 90-c8q.oc: 4: syntax error, unexpected '{'
--accepting rule at line 65 ("O")
--accepting rule at line 76 ("[")
--accepting rule at line 64 ("8")
--accepting rule at line 77 ("]")
--accepting rule at line 67 ("=")
--accepting rule at line 64 ("10")
--accepting rule at line 75 (";")
--accepting rule at line 65 ("Q")
--accepting rule at line 73 ("(")
--accepting rule at line 64 ("0")
--accepting rule at line 80 (",")
--accepting rule at line 64 ("0")
--accepting rule at line 80 (",")
--accepting rule at line 64 ("0")
--accepting rule at line 74 (")")
--accepting rule at line 75 (";")
--accepting rule at line 79 ("}")
oc: 90-c8q.oc: 4: syntax error, unexpected '}'
--accepting rule at line 43 ("
")
--(end of buffer or a NUL)
--EOF (start condition 0)
Error 6 4 26: Reference to undefined variable Q
