--(end of buffer or a NUL)
--accepting rule at line 41 ("# 1 "95-cobol.oc"")
--accepting rule at line 43 ("
")
--accepting rule at line 41 ("# 1 "<built-in>"")
--accepting rule at line 43 ("
")
--accepting rule at line 41 ("# 1 "<command-line>"")
--accepting rule at line 43 ("
")
--accepting rule at line 41 ("# 1 "/usr/include/stdc-predef.h" 1 3 4")
--accepting rule at line 43 ("
")
--accepting rule at line 41 ("# 1 "<command-line>" 2")
--accepting rule at line 43 ("
")
--accepting rule at line 41 ("# 1 "95-cobol.oc"")
--accepting rule at line 43 ("
")
--accepting rule at line 43 ("
")
--accepting rule at line 43 ("
")
--accepting rule at line 64 ("000100")
--accepting rule at line 42 (" ")
--accepting rule at line 65 ("IDENTIFICATION")
oc: 95-cobol.oc: 3: syntax error, unexpected TOK_IDENT
--accepting rule at line 42 (" ")
--accepting rule at line 65 ("DIVISION")
--accepting rule at line 81 (".")
--accepting rule at line 43 ("
")
--accepting rule at line 64 ("000200")
--accepting rule at line 42 (" ")
--accepting rule at line 65 ("PROGRAM")
--accepting rule at line 69 ("-")
--accepting rule at line 65 ("ID")
--accepting rule at line 81 (".")
--accepting rule at line 42 (" ")
--accepting rule at line 65 ("HELLOWORLD")
--accepting rule at line 81 (".")
--accepting rule at line 43 ("
")
--accepting rule at line 64 ("000300")
--accepting rule at line 43 ("
")
--accepting rule at line 64 ("000400")
--accepting rule at line 70 ("*")
--accepting rule at line 43 ("
")
--accepting rule at line 64 ("000500")
--accepting rule at line 42 (" ")
--accepting rule at line 65 ("ENVIRONMENT")
--accepting rule at line 42 (" ")
--accepting rule at line 65 ("DIVISION")
--accepting rule at line 81 (".")
--accepting rule at line 43 ("
")
--accepting rule at line 64 ("000600")
--accepting rule at line 42 (" ")
--accepting rule at line 65 ("CONFIGURATION")
--accepting rule at line 42 (" ")
--accepting rule at line 65 ("SECTION")
--accepting rule at line 81 (".")
--accepting rule at line 43 ("
")
--accepting rule at line 64 ("000700")
--accepting rule at line 42 (" ")
--accepting rule at line 65 ("SOURCE")
--accepting rule at line 69 ("-")
--accepting rule at line 65 ("COMPUTER")
--accepting rule at line 81 (".")
--accepting rule at line 42 (" ")
--accepting rule at line 65 ("RM")
--accepting rule at line 69 ("-")
--accepting rule at line 65 ("COBOL")
--accepting rule at line 81 (".")
--accepting rule at line 43 ("
")
--accepting rule at line 64 ("000800")
--accepting rule at line 42 (" ")
--accepting rule at line 65 ("OBJECT")
--accepting rule at line 69 ("-")
--accepting rule at line 65 ("COMPUTER")
--accepting rule at line 81 (".")
--accepting rule at line 42 (" ")
--accepting rule at line 65 ("RM")
--accepting rule at line 69 ("-")
--accepting rule at line 65 ("COBOL")
--accepting rule at line 81 (".")
--accepting rule at line 43 ("
")
--accepting rule at line 64 ("000900")
--accepting rule at line 43 ("
")
--accepting rule at line 64 ("001000")
--accepting rule at line 42 (" ")
--accepting rule at line 65 ("DATA")
--accepting rule at line 42 (" ")
--accepting rule at line 65 ("DIVISION")
--accepting rule at line 81 (".")
--accepting rule at line 43 ("
")
--accepting rule at line 64 ("001100")
--accepting rule at line 42 (" ")
--accepting rule at line 65 ("FILE")
--accepting rule at line 42 (" ")
--accepting rule at line 65 ("SECTION")
--accepting rule at line 81 (".")
--accepting rule at line 43 ("
")
--accepting rule at line 64 ("001200")
--accepting rule at line 43 ("
")
--accepting rule at line 64 ("100000")
--accepting rule at line 42 (" ")
--accepting rule at line 65 ("PROCEDURE")
--accepting rule at line 42 (" ")
--accepting rule at line 65 ("DIVISION")
--accepting rule at line 81 (".")
--accepting rule at line 43 ("
")
--accepting rule at line 64 ("100100")
--accepting rule at line 43 ("
")
--accepting rule at line 64 ("100200")
--accepting rule at line 42 (" ")
--accepting rule at line 65 ("MAIN")
--accepting rule at line 69 ("-")
--accepting rule at line 65 ("LOGIC")
--accepting rule at line 42 (" ")
--accepting rule at line 65 ("SECTION")
--accepting rule at line 81 (".")
--accepting rule at line 43 ("
")
--accepting rule at line 64 ("100300")
--accepting rule at line 42 (" ")
--accepting rule at line 65 ("BEGIN")
--accepting rule at line 81 (".")
--accepting rule at line 43 ("
")
--accepting rule at line 64 ("100400")
--accepting rule at line 42 (" ")
--accepting rule at line 65 ("DISPLAY")
--accepting rule at line 42 (" ")
--accepting rule at line 95 ("" "")
--accepting rule at line 42 (" ")
--accepting rule at line 65 ("LINE")
--accepting rule at line 42 (" ")
--accepting rule at line 64 ("1")
--accepting rule at line 42 (" ")
--accepting rule at line 65 ("POSITION")
--accepting rule at line 42 (" ")
--accepting rule at line 64 ("1")
--accepting rule at line 42 (" ")
--accepting rule at line 65 ("ERASE")
--accepting rule at line 42 (" ")
--accepting rule at line 65 ("EOS")
--accepting rule at line 81 (".")
--accepting rule at line 43 ("
")
--accepting rule at line 64 ("100500")
--accepting rule at line 42 (" ")
--accepting rule at line 65 ("DISPLAY")
--accepting rule at line 42 (" ")
--accepting rule at line 95 (""Hello world!"")
--accepting rule at line 42 (" ")
--accepting rule at line 65 ("LINE")
--accepting rule at line 42 (" ")
--accepting rule at line 64 ("15")
--accepting rule at line 42 (" ")
--accepting rule at line 65 ("POSITION")
--accepting rule at line 42 (" ")
--accepting rule at line 64 ("10.")
--accepting rule at line 43 ("
")
--accepting rule at line 64 ("100600")
--accepting rule at line 42 (" ")
--accepting rule at line 65 ("STOP")
--accepting rule at line 42 (" ")
--accepting rule at line 65 ("RUN")
--accepting rule at line 81 (".")
--accepting rule at line 43 ("
")
--accepting rule at line 64 ("100700")
--accepting rule at line 42 (" ")
--accepting rule at line 65 ("MAIN")
--accepting rule at line 69 ("-")
--accepting rule at line 65 ("LOGIC")
--accepting rule at line 69 ("-")
--accepting rule at line 65 ("EXIT")
--accepting rule at line 81 (".")
--accepting rule at line 43 ("
")
--accepting rule at line 64 ("100800")
--accepting rule at line 42 (" ")
--accepting rule at line 65 ("EXIT")
--accepting rule at line 81 (".")
--accepting rule at line 43 ("
")
--(end of buffer or a NUL)
--EOF (start condition 0)
