96-unterminated.oc:5:12: warning: missing terminating " character [enabled by default]
 string s = "abc;
            ^
96-unterminated.oc:6:10: warning: missing terminating ' character [enabled by default]
 char c = 'a;
          ^
96-unterminated.oc:7:5: warning: missing terminating " character [enabled by default]
 s = "abcd\";
     ^
96-unterminated.oc:8:5: warning: missing terminating " character [enabled by default]
 s = "abc|\
     ^
--(end of buffer or a NUL)
96-unterminated.oc:5:12: warning: missing terminating " character [enabled by default]
 string s = "abc;
            ^
96-unterminated.oc:6:10: warning: missing terminating ' character [enabled by default]
 char c = 'a;
          ^
96-unterminated.oc:7:5: warning: missing terminating " character [enabled by default]
 s = "abcd\";
     ^
96-unterminated.oc:8:5: warning: missing terminating " character [enabled by default]
 s = "abc|\
     ^
--accepting rule at line 41 ("# 1 "96-unterminated.oc"")
--accepting rule at line 43 ("
")
--accepting rule at line 41 ("# 1 "<built-in>"")
--accepting rule at line 43 ("
")
--accepting rule at line 41 ("# 1 "<command-line>"")
--accepting rule at line 43 ("
")
--accepting rule at line 41 ("# 1 "/usr/include/stdc-predef.h" 1 3 4")
--accepting rule at line 43 ("
")
--accepting rule at line 41 ("# 1 "<command-line>" 2")
--accepting rule at line 43 ("
")
--accepting rule at line 41 ("# 1 "96-unterminated.oc"")
--accepting rule at line 43 ("
")
--accepting rule at line 43 ("
")
--accepting rule at line 43 ("
")
--accepting rule at line 43 ("
")
--accepting rule at line 50 ("string")
--accepting rule at line 42 (" ")
--accepting rule at line 65 ("t")
--accepting rule at line 42 (" ")
--accepting rule at line 67 ("=")
--accepting rule at line 42 (" ")
--accepting rule at line 102 (""")
oc: 96-unterminated.oc: 4: invalid source character (")
--accepting rule at line 102 ("\")
oc: 96-unterminated.oc: 4: invalid source character (\)
--accepting rule at line 70 ("*")
oc: 96-unterminated.oc: 4: syntax error, unexpected '*'
--accepting rule at line 71 ("/")
--accepting rule at line 96 ("";
")
oc: 96-unterminated.oc: 4: invalid token (";
)
--accepting rule at line 50 ("string")
--accepting rule at line 42 (" ")
--accepting rule at line 65 ("s")
--accepting rule at line 42 (" ")
--accepting rule at line 67 ("=")
--accepting rule at line 42 (" ")
--accepting rule at line 96 (""abc;
")
oc: 96-unterminated.oc: 4: invalid token ("abc;
)
--accepting rule at line 48 ("char")
--accepting rule at line 42 (" ")
--accepting rule at line 65 ("c")
--accepting rule at line 42 (" ")
--accepting rule at line 67 ("=")
--accepting rule at line 42 (" ")
--accepting rule at line 102 ("'")
oc: 96-unterminated.oc: 4: invalid source character (')
--accepting rule at line 65 ("a")
--accepting rule at line 75 (";")
--accepting rule at line 43 ("
")
--accepting rule at line 65 ("s")
--accepting rule at line 42 (" ")
--accepting rule at line 67 ("=")
--accepting rule at line 42 (" ")
--accepting rule at line 96 (""abcd\";
")
oc: 96-unterminated.oc: 5: invalid token ("abcd\";
)
--accepting rule at line 65 ("s")
oc: 96-unterminated.oc: 5: syntax error, unexpected TOK_IDENT
--accepting rule at line 42 (" ")
--accepting rule at line 67 ("=")
--accepting rule at line 42 (" ")
--accepting rule at line 96 (""abc|;
")
oc: 96-unterminated.oc: 5: invalid token ("abc|;
)
--accepting rule at line 43 ("
")
--accepting rule at line 49 ("int")
--accepting rule at line 42 (" ")
--accepting rule at line 91 ("23foobar")
oc: 96-unterminated.oc: 6: invalid token (23foobar)
--accepting rule at line 75 (";")
--accepting rule at line 43 ("
")
--(end of buffer or a NUL)
--EOF (start condition 0)
