checksource: improper character \x09 = ^I (tab)
   file "yylex.cc": 1636 errors: lines 126, 133--134, 223--225, 
        228--233, 240, 242, 248--249, 251--254, 256--259, 261--265, 
        267--272, 274--278, 283--286, 288, 292--301, 304, 343--343, 
        348--349, 386--387, 389--389, 391--393, 396--397, 399--399, 
        401--403, 441, 443--445, 447, 455--458, 779--805, 876, 884--886, 
        894--896, 899--899, 902--903, 905--905, 907--907, 912--912, 
        914--914, 919--923, 925--926, 928--929, 931--931, 933--934, 
        936--939, 942--942, 944--961, 965--971, 973--973, 977, 980--994, 
        996--997, 999--1004, 1010, 1015, 1021, 1026, 1031, 1036, 1041, 
        1046, 1051, 1056, 1061, 1066, 1071, 1076, 1081, 1086, 1091, 
        1096, 1101, 1106, 1111, 1116, 1121, 1126, 1131, 1136, 1141, 
        1146, 1151, 1156, 1161, 1166, 1171, 1176, 1181, 1186, 1191, 
        1196, 1201, 1206, 1211, 1216, 1221, 1226, 1231, 1237, 1243, 
        1248, 1255, 1260, 1267, 1272, 1277, 1280, 1282--1285, 
        1287--1289, 1291--1305, 1307--1316, 1318--1318, 1320--1320, 
        1322--1329, 1331--1331, 1333--1333, 1335--1341, 1343--1344, 
        1346--1349, 1351--1355, 1357--1368, 1370--1372, 1374--1380, 
        1382--1384, 1386--1386, 1388--1390, 1392--1394, 1396--1396, 
        1398--1403, 1405--1409, 1423--1425, 1433--1436, 1438--1440, 
        1442--1450, 1452--1459, 1461, 1463--1464, 1466--1467, 
        1469--1473, 1475--1478, 1480--1481, 1483--1484, 1486--1487, 
        1489--1491, 1493--1496, 1498--1504, 1506--1508, 1510--1510, 
        1512--1513, 1515--1515, 1517--1518, 1520--1522, 1524--1525, 
        1527--1533, 1535--1541, 1543--1544, 1546--1552, 1554--1556, 
        1558, 1560, 1573--1574, 1577, 1579--1580, 1582--1595, 1597, 
        1603, 1611, 1613, 1615--1628, 1630--1630, 1649, 1651, 
        1653--1661, 1663--1666, 1668--1679, 1681--1682, 1684--1684, 
        1686--1689, 1691--1692, 1694--1694, 1696--1696, 1698--1698, 
        1700--1705, 1707--1709, 1713, 1716, 1731, 1733--1733, 1735, 
        1737--1738, 1752--1755, 1757--1759, 1761--1767, 1769--1770, 
        1772--1777, 1786--1789, 1804, 1806--1808, 1810, 1812--1817, 
        1819, 1821, 1823, 1837--1838, 1840--1841, 1843--1844, 1846, 
        1860, 1862, 1864--1865, 1883, 1896--1897, 1899, 1901--1906, 
        1908, 1910--1911, 1913--1914, 1930--1931, 1933, 1935--1942, 
        1944--1947, 1949--1951, 1966--1967, 1969--1972, 1974--1977, 
        1991, 1993, 1995--1997, 1999--2011, 2013, 2015--2016, 
        2018--2024, 2026--2029, 2042, 2044--2048, 2050--2052, 
        2054--2062, 2064, 2066, 2082, 2096--2099, 2101--2105, 
        2107--2108, 2110, 2112--2114, 2116--2119, 2121, 2132--2133, 
        2143--2145, 2148--2154, 2286--2290, 2292--2294, 2313--2315, 
        2322--2324, 2326, 2332, 2337--2344, 2349--2349
   file "yyparse.cc": 289 errors: lines 334, 360, 385--393, 436--436, 
        833--836, 838--840, 850--850, 873--874, 878--879, 903--906, 
        909--917, 1006--1009, 1032, 1038--1039, 1044--1046, 1062, 
        1148--1152, 1154--1162, 1164--1168, 1472--1476, 1478--1485, 
        1487--1488, 1496, 1499, 1502--1508, 1510--1511, 1520--1520, 
        1523, 2222, 2225--2229, 2231--2235, 2267, 2273--2281, 2285, 
        2289--2289, 2347--2347
checksource: line length > 72 characters
   file "emitter.cpp": 4 errors: lines 169, 239, 345, 665
   file "yylex.cc": 50 errors: lines 37, 165, 171, 191, 221, 331, 334, 
        343, 407, 442, 446, 449, 655, 773, 778, 812, 952, 958, 1314, 
        1345, 1438, 1469, 1546, 1548--1549, 1555--1556, 1563, 1576, 
        1579, 1594, 1606, 1612, 1627, 1659, 1722, 1794, 1886--1887, 
        1995, 2006, 2027, 2034, 2071, 2087, 2090, 2094, 2254, 2280, 2296
   file "yyparse.cc": 76 errors: lines 5, 18, 120, 239, 269, 289, 304, 
        320--322, 342, 349, 369, 545--546, 548, 550--551, 554, 590, 929, 
        963, 1107, 1204, 1256, 1275--1277, 1406, 1459, 1541, 1688, 1694, 
        1700, 1736, 1742, 1750, 1757, 1763, 1769, 1775, 1781, 1799, 
        1805, 1848, 1854, 1861--1862, 1868, 1874, 1880, 1886, 1922, 
        1940, 1946, 1952, 1958, 1964, 1970, 1976, 1982, 1988, 1994, 
        2000, 2006, 2012, 2018, 2043, 2050, 2057, 2064, 2071, 2084, 
        2091, 2283, 2334
   file "yyparse.h": 3 errors: lines 5, 18, 46
checksource: TOTAL COMPLAINTS: 2058
