flex version 2.5.37 usage statistics:
  scanner options: -dsvI8 -Cem -oyylex.cc
  333/2000 NFA states
  115/1000 DFA states (661 words)
  52 rules
  Compressed tables always back-up
  1/40 start conditions
  191 epsilon states, 86 double epsilon states
  29/100 character classes needed 306/500 words of storage, 0 reused
  1831 state/nextstate pairs created
  296/1535 unique/duplicate transitions
  121/1000 base-def entries created
  228/2000 (peak 385) nxt-chk entries created
  30/2500 (peak 288) template nxt-chk entries created
  0 empty table entries
  8 protos created
  6 templates created, 70 uses
  48/256 equivalence classes created
  5/256 meta-equivalence classes created
  1 (2 saved) hash collisions, 184 DFAs equal
  0 sets of reallocations needed
  1002 total table entries needed
